ARM GAS  C:\Users\Godwin\AppData\Local\Temp\ccxBfDsq.s 			page 1


   1              		.cpu cortex-m7
   2              		.arch armv7e-m
   3              		.fpu fpv5-d16
   4              		.eabi_attribute 28, 1
   5              		.eabi_attribute 20, 1
   6              		.eabi_attribute 21, 1
   7              		.eabi_attribute 23, 3
   8              		.eabi_attribute 24, 1
   9              		.eabi_attribute 25, 1
  10              		.eabi_attribute 26, 1
  11              		.eabi_attribute 30, 6
  12              		.eabi_attribute 34, 1
  13              		.eabi_attribute 18, 4
  14              		.file	"remote_control.c"
  15              		.text
  16              	.Ltext0:
  17              		.cfi_sections	.debug_frame
  18              		.file 1 "User/Software/remote_control.c"
  19              		.global	b
  20              		.section	.data.b,"aw"
  21              		.align	2
  24              	b:
  25 0000 46050000 		.word	1350
  26              		.global	c
  27              		.section	.bss.c,"aw",%nobits
  28              		.align	2
  31              	c:
  32 0000 00000000 		.space	4
  33              		.global	RC_data
  34              		.section	.bss.RC_data,"aw",%nobits
  35              		.align	2
  38              	RC_data:
  39 0000 00000000 		.space	70
  39      00000000 
  39      00000000 
  39      00000000 
  39      00000000 
  40              		.global	AHRS_yaw_set
  41              		.section	.bss.AHRS_yaw_set,"aw",%nobits
  42              		.align	2
  45              	AHRS_yaw_set:
  46 0000 00000000 		.space	4
  47              		.global	yaw_pid
  48              		.section	.bss.yaw_pid,"aw",%nobits
  49              		.align	2
  52              	yaw_pid:
  53 0000 00000000 		.space	52
  53      00000000 
  53      00000000 
  53      00000000 
  53      00000000 
  54              		.global	delta_angle
  55              		.section	.bss.delta_angle,"aw",%nobits
  56              		.align	2
  59              	delta_angle:
  60 0000 00000000 		.space	4
  61              		.global	wait_time
ARM GAS  C:\Users\Godwin\AppData\Local\Temp\ccxBfDsq.s 			page 2


  62              		.section	.bss.wait_time,"aw",%nobits
  63              		.align	2
  66              	wait_time:
  67 0000 00000000 		.space	40
  67      00000000 
  67      00000000 
  67      00000000 
  67      00000000 
  68              		.global	arm_connect_status
  69              		.section	.bss.arm_connect_status,"aw",%nobits
  72              	arm_connect_status:
  73 0000 00       		.space	1
  74              		.global	boom_arm_status
  75              		.section	.bss.boom_arm_status,"aw",%nobits
  78              	boom_arm_status:
  79 0000 00       		.space	1
  80              		.global	boom_storage_status
  81              		.section	.bss.boom_storage_status,"aw",%nobits
  84              	boom_storage_status:
  85 0000 00       		.space	1
  86              		.global	total_angle
  87              		.section	.bss.total_angle,"aw",%nobits
  88              		.align	2
  91              	total_angle:
  92 0000 00000000 		.space	4
  93              		.global	prev_angle
  94              		.section	.bss.prev_angle,"aw",%nobits
  95              		.align	2
  98              	prev_angle:
  99 0000 00000000 		.space	4
 100              		.global	current_angle
 101              		.section	.bss.current_angle,"aw",%nobits
 102              		.align	2
 105              	current_angle:
 106 0000 00000000 		.space	4
 107              		.global	angle_range
 108              		.section	.data.angle_range,"aw"
 109              		.align	2
 112              	angle_range:
 113 0000 0000B443 		.word	1135869952
 114              		.global	sum_arm
 115              		.section	.bss.sum_arm,"aw",%nobits
 116              		.align	2
 119              	sum_arm:
 120 0000 00000000 		.space	4
 121              		.section	.text.Wait,"ax",%progbits
 122              		.align	1
 123              		.global	Wait
 124              		.syntax unified
 125              		.thumb
 126              		.thumb_func
 128              	Wait:
 129              	.LFB144:
   1:User/Software/remote_control.c **** #include "remote_control.h"
   2:User/Software/remote_control.c **** #include "ramp_generator.h"
   3:User/Software/remote_control.c **** #include "IMU_updata.h"
   4:User/Software/remote_control.c **** #include "Stm32_time.h"
ARM GAS  C:\Users\Godwin\AppData\Local\Temp\ccxBfDsq.s 			page 3


   5:User/Software/remote_control.c **** #include <tim.h>
   6:User/Software/remote_control.c **** #include "pid.h"
   7:User/Software/remote_control.c **** #include "UART_data_txrx.h"
   8:User/Software/remote_control.c **** 
   9:User/Software/remote_control.c **** int b = 1350;
  10:User/Software/remote_control.c **** int c = 0;
  11:User/Software/remote_control.c **** RC_ctrl_t RC_data;
  12:User/Software/remote_control.c **** // 云台跟随陀螺仪pid
  13:User/Software/remote_control.c **** float AHRS_yaw_set = 0;
  14:User/Software/remote_control.c **** pid_t yaw_pid;
  15:User/Software/remote_control.c **** float delta_angle;
  16:User/Software/remote_control.c **** int16_t wait_time[SIZE_OF_WAIT] = {0}; // 键盘消抖用时间
  17:User/Software/remote_control.c **** ARM_CONNECT_STATUS arm_connect_status;
  18:User/Software/remote_control.c **** BOOM_ARM_Stats boom_arm_status;         // 机械臂气泵状态
  19:User/Software/remote_control.c **** BOOM_STORAGE_Stats boom_storage_status; // 储矿气泵状态
  20:User/Software/remote_control.c **** #define MOVE_SENSITIVITY 10.0f          // 移动灵敏度，
  21:User/Software/remote_control.c **** #define PITCH_SENSITIVITY 0.008f        // pitch轴灵敏度
  22:User/Software/remote_control.c **** #define YAW_SENSITIVITY 0.005f          // yaw轴灵敏度
  23:User/Software/remote_control.c ****                                         // DAMIAO角度读值
  24:User/Software/remote_control.c **** float total_angle = 0.0;                // 总累积角度
  25:User/Software/remote_control.c **** float prev_angle = 0.0;                 // 前一次读取的角度
  26:User/Software/remote_control.c **** float current_angle = 0.0;
  27:User/Software/remote_control.c **** float angle_range = 360.0; // 编码器量程
  28:User/Software/remote_control.c **** int sum_arm = 0;
  29:User/Software/remote_control.c **** 
  30:User/Software/remote_control.c **** /**
  31:User/Software/remote_control.c ****  * @brief 统一消抖
  32:User/Software/remote_control.c ****  *
  33:User/Software/remote_control.c ****  * @param key 按键宏
  34:User/Software/remote_control.c ****  * @return uint8_t 0未到时间，1到时间
  35:User/Software/remote_control.c ****  */
  36:User/Software/remote_control.c **** uint8_t Wait(uint8_t key)
  37:User/Software/remote_control.c **** {
 130              		.loc 1 37 1
 131              		.cfi_startproc
 132              		@ args = 0, pretend = 0, frame = 8
 133              		@ frame_needed = 1, uses_anonymous_args = 0
 134              		@ link register save eliminated.
 135 0000 80B4     		push	{r7}
 136              	.LCFI0:
 137              		.cfi_def_cfa_offset 4
 138              		.cfi_offset 7, -4
 139 0002 83B0     		sub	sp, sp, #12
 140              	.LCFI1:
 141              		.cfi_def_cfa_offset 16
 142 0004 00AF     		add	r7, sp, #0
 143              	.LCFI2:
 144              		.cfi_def_cfa_register 7
 145 0006 0346     		mov	r3, r0
 146 0008 FB71     		strb	r3, [r7, #7]
  38:User/Software/remote_control.c **** 
  39:User/Software/remote_control.c **** }
 147              		.loc 1 39 1
 148 000a 00BF     		nop
 149 000c 1846     		mov	r0, r3
 150 000e 0C37     		adds	r7, r7, #12
 151              	.LCFI3:
ARM GAS  C:\Users\Godwin\AppData\Local\Temp\ccxBfDsq.s 			page 4


 152              		.cfi_def_cfa_offset 4
 153 0010 BD46     		mov	sp, r7
 154              	.LCFI4:
 155              		.cfi_def_cfa_register 13
 156              		@ sp needed
 157 0012 5DF8047B 		ldr	r7, [sp], #4
 158              	.LCFI5:
 159              		.cfi_restore 7
 160              		.cfi_def_cfa_offset 0
 161 0016 7047     		bx	lr
 162              		.cfi_endproc
 163              	.LFE144:
 165              		.section	.text.remote_control_init,"ax",%progbits
 166              		.align	1
 167              		.global	remote_control_init
 168              		.syntax unified
 169              		.thumb
 170              		.thumb_func
 172              	remote_control_init:
 173              	.LFB145:
  40:User/Software/remote_control.c **** void remote_control_init()
  41:User/Software/remote_control.c **** {
 174              		.loc 1 41 1
 175              		.cfi_startproc
 176              		@ args = 0, pretend = 0, frame = 0
 177              		@ frame_needed = 1, uses_anonymous_args = 0
 178 0000 80B5     		push	{r7, lr}
 179              	.LCFI6:
 180              		.cfi_def_cfa_offset 8
 181              		.cfi_offset 7, -8
 182              		.cfi_offset 14, -4
 183 0002 00AF     		add	r7, sp, #0
 184              	.LCFI7:
 185              		.cfi_def_cfa_register 7
  42:User/Software/remote_control.c ****     GPIO_init();
 186              		.loc 1 42 5
 187 0004 FFF7FEFF 		bl	GPIO_init
  43:User/Software/remote_control.c ****     PWM_control_init();
 188              		.loc 1 43 5
 189 0008 FFF7FEFF 		bl	PWM_control_init
  44:User/Software/remote_control.c ****     boom_storage_status = STORAGE_OFF; // 气泵
 190              		.loc 1 44 25
 191 000c 034B     		ldr	r3, .L3
 192 000e 0022     		movs	r2, #0
 193 0010 1A70     		strb	r2, [r3]
  45:User/Software/remote_control.c ****     boom_arm_status = ARM_BOOM_OFF;    // 机械臂
 194              		.loc 1 45 21
 195 0012 034B     		ldr	r3, .L3+4
 196 0014 0122     		movs	r2, #1
 197 0016 1A70     		strb	r2, [r3]
  46:User/Software/remote_control.c **** }
 198              		.loc 1 46 1
 199 0018 00BF     		nop
 200 001a 80BD     		pop	{r7, pc}
 201              	.L4:
 202              		.align	2
 203              	.L3:
ARM GAS  C:\Users\Godwin\AppData\Local\Temp\ccxBfDsq.s 			page 5


 204 001c 00000000 		.word	boom_storage_status
 205 0020 00000000 		.word	boom_arm_status
 206              		.cfi_endproc
 207              	.LFE145:
 209              		.section	.text.GPIO_init,"ax",%progbits
 210              		.align	1
 211              		.global	GPIO_init
 212              		.syntax unified
 213              		.thumb
 214              		.thumb_func
 216              	GPIO_init:
 217              	.LFB146:
  47:User/Software/remote_control.c **** 
  48:User/Software/remote_control.c **** void GPIO_init() // 电子开关初始化
  49:User/Software/remote_control.c **** {
 218              		.loc 1 49 1
 219              		.cfi_startproc
 220              		@ args = 0, pretend = 0, frame = 0
 221              		@ frame_needed = 1, uses_anonymous_args = 0
 222 0000 80B5     		push	{r7, lr}
 223              	.LCFI8:
 224              		.cfi_def_cfa_offset 8
 225              		.cfi_offset 7, -8
 226              		.cfi_offset 14, -4
 227 0002 00AF     		add	r7, sp, #0
 228              	.LCFI9:
 229              		.cfi_def_cfa_register 7
  50:User/Software/remote_control.c ****     HAL_GPIO_WritePin(GPIOD, GPIO_PIN_14, GPIO_PIN_RESET); // PD14//气泵1
 230              		.loc 1 50 5
 231 0004 0022     		movs	r2, #0
 232 0006 4FF48041 		mov	r1, #16384
 233 000a 1948     		ldr	r0, .L6
 234 000c FFF7FEFF 		bl	HAL_GPIO_WritePin
  51:User/Software/remote_control.c **** 
  52:User/Software/remote_control.c ****     HAL_GPIO_WritePin(GPIOD, GPIO_PIN_15, GPIO_PIN_RESET); // PD15//电磁阀2
 235              		.loc 1 52 5
 236 0010 0022     		movs	r2, #0
 237 0012 4FF40041 		mov	r1, #32768
 238 0016 1648     		ldr	r0, .L6
 239 0018 FFF7FEFF 		bl	HAL_GPIO_WritePin
  53:User/Software/remote_control.c **** 
  54:User/Software/remote_control.c ****     HAL_GPIO_WritePin(GPIOB, GPIO_PIN_8, GPIO_PIN_RESET); // PB8
 240              		.loc 1 54 5
 241 001c 0022     		movs	r2, #0
 242 001e 4FF48071 		mov	r1, #256
 243 0022 1448     		ldr	r0, .L6+4
 244 0024 FFF7FEFF 		bl	HAL_GPIO_WritePin
  55:User/Software/remote_control.c **** 
  56:User/Software/remote_control.c ****     HAL_GPIO_WritePin(GPIOB, GPIO_PIN_9, GPIO_PIN_RESET); // PB9
 245              		.loc 1 56 5
 246 0028 0022     		movs	r2, #0
 247 002a 4FF40071 		mov	r1, #512
 248 002e 1148     		ldr	r0, .L6+4
 249 0030 FFF7FEFF 		bl	HAL_GPIO_WritePin
  57:User/Software/remote_control.c **** 
  58:User/Software/remote_control.c ****     HAL_GPIO_WritePin(GPIOE, GPIO_PIN_14, GPIO_PIN_RESET); // PE14
 250              		.loc 1 58 5
ARM GAS  C:\Users\Godwin\AppData\Local\Temp\ccxBfDsq.s 			page 6


 251 0034 0022     		movs	r2, #0
 252 0036 4FF48041 		mov	r1, #16384
 253 003a 0F48     		ldr	r0, .L6+8
 254 003c FFF7FEFF 		bl	HAL_GPIO_WritePin
  59:User/Software/remote_control.c **** 
  60:User/Software/remote_control.c ****     HAL_GPIO_WritePin(GPIOE, GPIO_PIN_0, GPIO_PIN_RESET); // PE0，左储矿
 255              		.loc 1 60 5
 256 0040 0022     		movs	r2, #0
 257 0042 0121     		movs	r1, #1
 258 0044 0C48     		ldr	r0, .L6+8
 259 0046 FFF7FEFF 		bl	HAL_GPIO_WritePin
  61:User/Software/remote_control.c **** 
  62:User/Software/remote_control.c ****     HAL_GPIO_WritePin(GPIOE, GPIO_PIN_1, GPIO_PIN_RESET); // PE1
 260              		.loc 1 62 5
 261 004a 0022     		movs	r2, #0
 262 004c 0221     		movs	r1, #2
 263 004e 0A48     		ldr	r0, .L6+8
 264 0050 FFF7FEFF 		bl	HAL_GPIO_WritePin
  63:User/Software/remote_control.c **** 
  64:User/Software/remote_control.c ****     HAL_GPIO_WritePin(GPIOC, GPIO_PIN_10, GPIO_PIN_RESET); // PC10 气泵
 265              		.loc 1 64 5
 266 0054 0022     		movs	r2, #0
 267 0056 4FF48061 		mov	r1, #1024
 268 005a 0848     		ldr	r0, .L6+12
 269 005c FFF7FEFF 		bl	HAL_GPIO_WritePin
  65:User/Software/remote_control.c **** 
  66:User/Software/remote_control.c ****     HAL_GPIO_WritePin(GPIOC, GPIO_PIN_11, GPIO_PIN_RESET); // PC11，右储矿
 270              		.loc 1 66 5
 271 0060 0022     		movs	r2, #0
 272 0062 4FF40061 		mov	r1, #2048
 273 0066 0548     		ldr	r0, .L6+12
 274 0068 FFF7FEFF 		bl	HAL_GPIO_WritePin
  67:User/Software/remote_control.c **** }
 275              		.loc 1 67 1
 276 006c 00BF     		nop
 277 006e 80BD     		pop	{r7, pc}
 278              	.L7:
 279              		.align	2
 280              	.L6:
 281 0070 000C0258 		.word	1476529152
 282 0074 00040258 		.word	1476527104
 283 0078 00100258 		.word	1476530176
 284 007c 00080258 		.word	1476528128
 285              		.cfi_endproc
 286              	.LFE146:
 288              		.section	.text.PWM_control_init,"ax",%progbits
 289              		.align	1
 290              		.global	PWM_control_init
 291              		.syntax unified
 292              		.thumb
 293              		.thumb_func
 295              	PWM_control_init:
 296              	.LFB147:
  68:User/Software/remote_control.c **** 
  69:User/Software/remote_control.c **** void PWM_control_init() // 舵机云台初始化
  70:User/Software/remote_control.c **** {
 297              		.loc 1 70 1
ARM GAS  C:\Users\Godwin\AppData\Local\Temp\ccxBfDsq.s 			page 7


 298              		.cfi_startproc
 299              		@ args = 0, pretend = 0, frame = 0
 300              		@ frame_needed = 1, uses_anonymous_args = 0
 301              		@ link register save eliminated.
 302 0000 80B4     		push	{r7}
 303              	.LCFI10:
 304              		.cfi_def_cfa_offset 4
 305              		.cfi_offset 7, -4
 306 0002 00AF     		add	r7, sp, #0
 307              	.LCFI11:
 308              		.cfi_def_cfa_register 7
  71:User/Software/remote_control.c **** 
  72:User/Software/remote_control.c **** }
 309              		.loc 1 72 1
 310 0004 00BF     		nop
 311 0006 BD46     		mov	sp, r7
 312              	.LCFI12:
 313              		.cfi_def_cfa_register 13
 314              		@ sp needed
 315 0008 5DF8047B 		ldr	r7, [sp], #4
 316              	.LCFI13:
 317              		.cfi_restore 7
 318              		.cfi_def_cfa_offset 0
 319 000c 7047     		bx	lr
 320              		.cfi_endproc
 321              	.LFE147:
 323              		.section	.text.VT13toRCdata,"ax",%progbits
 324              		.align	1
 325              		.global	VT13toRCdata
 326              		.syntax unified
 327              		.thumb
 328              		.thumb_func
 330              	VT13toRCdata:
 331              	.LFB148:
  73:User/Software/remote_control.c **** 
  74:User/Software/remote_control.c **** void VT13toRCdata()
  75:User/Software/remote_control.c **** {
 332              		.loc 1 75 1
 333              		.cfi_startproc
 334              		@ args = 0, pretend = 0, frame = 0
 335              		@ frame_needed = 1, uses_anonymous_args = 0
 336              		@ link register save eliminated.
 337 0000 80B4     		push	{r7}
 338              	.LCFI14:
 339              		.cfi_def_cfa_offset 4
 340              		.cfi_offset 7, -4
 341 0002 00AF     		add	r7, sp, #0
 342              	.LCFI15:
 343              		.cfi_def_cfa_register 7
  76:User/Software/remote_control.c **** 
  77:User/Software/remote_control.c **** 
  78:User/Software/remote_control.c **** }
 344              		.loc 1 78 1
 345 0004 00BF     		nop
 346 0006 BD46     		mov	sp, r7
 347              	.LCFI16:
 348              		.cfi_def_cfa_register 13
ARM GAS  C:\Users\Godwin\AppData\Local\Temp\ccxBfDsq.s 			page 8


 349              		@ sp needed
 350 0008 5DF8047B 		ldr	r7, [sp], #4
 351              	.LCFI17:
 352              		.cfi_restore 7
 353              		.cfi_def_cfa_offset 0
 354 000c 7047     		bx	lr
 355              		.cfi_endproc
 356              	.LFE148:
 358              		.section	.text.key_mouse_control,"ax",%progbits
 359              		.align	1
 360              		.global	key_mouse_control
 361              		.syntax unified
 362              		.thumb
 363              		.thumb_func
 365              	key_mouse_control:
 366              	.LFB149:
  79:User/Software/remote_control.c **** void key_mouse_control() // 键盘鼠标模式+自定义控制器
  80:User/Software/remote_control.c **** {
 367              		.loc 1 80 1
 368              		.cfi_startproc
 369              		@ args = 0, pretend = 0, frame = 0
 370              		@ frame_needed = 1, uses_anonymous_args = 0
 371              		@ link register save eliminated.
 372 0000 80B4     		push	{r7}
 373              	.LCFI18:
 374              		.cfi_def_cfa_offset 4
 375              		.cfi_offset 7, -4
 376 0002 00AF     		add	r7, sp, #0
 377              	.LCFI19:
 378              		.cfi_def_cfa_register 7
  81:User/Software/remote_control.c **** }
 379              		.loc 1 81 1
 380 0004 00BF     		nop
 381 0006 BD46     		mov	sp, r7
 382              	.LCFI20:
 383              		.cfi_def_cfa_register 13
 384              		@ sp needed
 385 0008 5DF8047B 		ldr	r7, [sp], #4
 386              	.LCFI21:
 387              		.cfi_restore 7
 388              		.cfi_def_cfa_offset 0
 389 000c 7047     		bx	lr
 390              		.cfi_endproc
 391              	.LFE149:
 393              		.section	.text.ARM_CONNECT_STATUS_UPDATA,"ax",%progbits
 394              		.align	1
 395              		.global	ARM_CONNECT_STATUS_UPDATA
 396              		.syntax unified
 397              		.thumb
 398              		.thumb_func
 400              	ARM_CONNECT_STATUS_UPDATA:
 401              	.LFB150:
  82:User/Software/remote_control.c **** void ARM_CONNECT_STATUS_UPDATA()
  83:User/Software/remote_control.c **** {
 402              		.loc 1 83 1
 403              		.cfi_startproc
 404              		@ args = 0, pretend = 0, frame = 0
ARM GAS  C:\Users\Godwin\AppData\Local\Temp\ccxBfDsq.s 			page 9


 405              		@ frame_needed = 1, uses_anonymous_args = 0
 406              		@ link register save eliminated.
 407 0000 80B4     		push	{r7}
 408              	.LCFI22:
 409              		.cfi_def_cfa_offset 4
 410              		.cfi_offset 7, -4
 411 0002 00AF     		add	r7, sp, #0
 412              	.LCFI23:
 413              		.cfi_def_cfa_register 7
  84:User/Software/remote_control.c ****  
  85:User/Software/remote_control.c **** 
  86:User/Software/remote_control.c ****     
  87:User/Software/remote_control.c **** }
 414              		.loc 1 87 1
 415 0004 00BF     		nop
 416 0006 BD46     		mov	sp, r7
 417              	.LCFI24:
 418              		.cfi_def_cfa_register 13
 419              		@ sp needed
 420 0008 5DF8047B 		ldr	r7, [sp], #4
 421              	.LCFI25:
 422              		.cfi_restore 7
 423              		.cfi_def_cfa_offset 0
 424 000c 7047     		bx	lr
 425              		.cfi_endproc
 426              	.LFE150:
 428              		.section	.text.RC_Control,"ax",%progbits
 429              		.align	1
 430              		.global	RC_Control
 431              		.syntax unified
 432              		.thumb
 433              		.thumb_func
 435              	RC_Control:
 436              	.LFB151:
  88:User/Software/remote_control.c **** //////////遥控器控制////////////////
  89:User/Software/remote_control.c **** void RC_Control(void)
  90:User/Software/remote_control.c **** {
 437              		.loc 1 90 1
 438              		.cfi_startproc
 439              		@ args = 0, pretend = 0, frame = 0
 440              		@ frame_needed = 1, uses_anonymous_args = 0
 441              		@ link register save eliminated.
 442 0000 80B4     		push	{r7}
 443              	.LCFI26:
 444              		.cfi_def_cfa_offset 4
 445              		.cfi_offset 7, -4
 446 0002 00AF     		add	r7, sp, #0
 447              	.LCFI27:
 448              		.cfi_def_cfa_register 7
  91:User/Software/remote_control.c **** 
  92:User/Software/remote_control.c ****     
  93:User/Software/remote_control.c **** }
 449              		.loc 1 93 1
 450 0004 00BF     		nop
 451 0006 BD46     		mov	sp, r7
 452              	.LCFI28:
 453              		.cfi_def_cfa_register 13
ARM GAS  C:\Users\Godwin\AppData\Local\Temp\ccxBfDsq.s 			page 10


 454              		@ sp needed
 455 0008 5DF8047B 		ldr	r7, [sp], #4
 456              	.LCFI29:
 457              		.cfi_restore 7
 458              		.cfi_def_cfa_offset 0
 459 000c 7047     		bx	lr
 460              		.cfi_endproc
 461              	.LFE151:
 463              		.section	.text.start,"ax",%progbits
 464              		.align	1
 465              		.global	start
 466              		.syntax unified
 467              		.thumb
 468              		.thumb_func
 470              	start:
 471              	.LFB152:
  94:User/Software/remote_control.c **** ///////////////////////////启动函数///////////////////////////
  95:User/Software/remote_control.c **** void start()
  96:User/Software/remote_control.c **** {
 472              		.loc 1 96 1
 473              		.cfi_startproc
 474              		@ args = 0, pretend = 0, frame = 0
 475              		@ frame_needed = 1, uses_anonymous_args = 0
 476              		@ link register save eliminated.
 477 0000 80B4     		push	{r7}
 478              	.LCFI30:
 479              		.cfi_def_cfa_offset 4
 480              		.cfi_offset 7, -4
 481 0002 00AF     		add	r7, sp, #0
 482              	.LCFI31:
 483              		.cfi_def_cfa_register 7
  97:User/Software/remote_control.c ****     
  98:User/Software/remote_control.c ****     // }
  99:User/Software/remote_control.c **** }
 484              		.loc 1 99 1
 485 0004 00BF     		nop
 486 0006 BD46     		mov	sp, r7
 487              	.LCFI32:
 488              		.cfi_def_cfa_register 13
 489              		@ sp needed
 490 0008 5DF8047B 		ldr	r7, [sp], #4
 491              	.LCFI33:
 492              		.cfi_restore 7
 493              		.cfi_def_cfa_offset 0
 494 000c 7047     		bx	lr
 495              		.cfi_endproc
 496              	.LFE152:
 498              		.section	.text.YAWFLOW_POS,"ax",%progbits
 499              		.align	1
 500              		.global	YAWFLOW_POS
 501              		.syntax unified
 502              		.thumb
 503              		.thumb_func
 505              	YAWFLOW_POS:
 506              	.LFB153:
 100:User/Software/remote_control.c **** 
 101:User/Software/remote_control.c **** void YAWFLOW_POS()
ARM GAS  C:\Users\Godwin\AppData\Local\Temp\ccxBfDsq.s 			page 11


 102:User/Software/remote_control.c **** {
 507              		.loc 1 102 1
 508              		.cfi_startproc
 509              		@ args = 0, pretend = 0, frame = 0
 510              		@ frame_needed = 1, uses_anonymous_args = 0
 511              		@ link register save eliminated.
 512 0000 80B4     		push	{r7}
 513              	.LCFI34:
 514              		.cfi_def_cfa_offset 4
 515              		.cfi_offset 7, -4
 516 0002 00AF     		add	r7, sp, #0
 517              	.LCFI35:
 518              		.cfi_def_cfa_register 7
 103:User/Software/remote_control.c **** 
 104:User/Software/remote_control.c **** }
 519              		.loc 1 104 1
 520 0004 00BF     		nop
 521 0006 BD46     		mov	sp, r7
 522              	.LCFI36:
 523              		.cfi_def_cfa_register 13
 524              		@ sp needed
 525 0008 5DF8047B 		ldr	r7, [sp], #4
 526              	.LCFI37:
 527              		.cfi_restore 7
 528              		.cfi_def_cfa_offset 0
 529 000c 7047     		bx	lr
 530              		.cfi_endproc
 531              	.LFE153:
 533              		.section	.text.disable_all,"ax",%progbits
 534              		.align	1
 535              		.global	disable_all
 536              		.syntax unified
 537              		.thumb
 538              		.thumb_func
 540              	disable_all:
 541              	.LFB154:
 105:User/Software/remote_control.c **** 
 106:User/Software/remote_control.c **** //////////////////////全部失能，防止疯车//////////////////////////////
 107:User/Software/remote_control.c **** void disable_all()
 108:User/Software/remote_control.c **** {
 542              		.loc 1 108 1
 543              		.cfi_startproc
 544              		@ args = 0, pretend = 0, frame = 0
 545              		@ frame_needed = 1, uses_anonymous_args = 0
 546              		@ link register save eliminated.
 547 0000 80B4     		push	{r7}
 548              	.LCFI38:
 549              		.cfi_def_cfa_offset 4
 550              		.cfi_offset 7, -4
 551 0002 00AF     		add	r7, sp, #0
 552              	.LCFI39:
 553              		.cfi_def_cfa_register 7
 109:User/Software/remote_control.c **** 
 110:User/Software/remote_control.c ****    
 111:User/Software/remote_control.c **** }
 554              		.loc 1 111 1
 555 0004 00BF     		nop
ARM GAS  C:\Users\Godwin\AppData\Local\Temp\ccxBfDsq.s 			page 12


 556 0006 BD46     		mov	sp, r7
 557              	.LCFI40:
 558              		.cfi_def_cfa_register 13
 559              		@ sp needed
 560 0008 5DF8047B 		ldr	r7, [sp], #4
 561              	.LCFI41:
 562              		.cfi_restore 7
 563              		.cfi_def_cfa_offset 0
 564 000c 7047     		bx	lr
 565              		.cfi_endproc
 566              	.LFE154:
 568              		.section	.text.enable_all,"ax",%progbits
 569              		.align	1
 570              		.global	enable_all
 571              		.syntax unified
 572              		.thumb
 573              		.thumb_func
 575              	enable_all:
 576              	.LFB155:
 112:User/Software/remote_control.c **** 
 113:User/Software/remote_control.c **** 
 114:User/Software/remote_control.c **** void enable_all()
 115:User/Software/remote_control.c **** {
 577              		.loc 1 115 1
 578              		.cfi_startproc
 579              		@ args = 0, pretend = 0, frame = 0
 580              		@ frame_needed = 1, uses_anonymous_args = 0
 581              		@ link register save eliminated.
 582 0000 80B4     		push	{r7}
 583              	.LCFI42:
 584              		.cfi_def_cfa_offset 4
 585              		.cfi_offset 7, -4
 586 0002 00AF     		add	r7, sp, #0
 587              	.LCFI43:
 588              		.cfi_def_cfa_register 7
 116:User/Software/remote_control.c **** 
 117:User/Software/remote_control.c **** 
 118:User/Software/remote_control.c **** }
 589              		.loc 1 118 1
 590 0004 00BF     		nop
 591 0006 BD46     		mov	sp, r7
 592              	.LCFI44:
 593              		.cfi_def_cfa_register 13
 594              		@ sp needed
 595 0008 5DF8047B 		ldr	r7, [sp], #4
 596              	.LCFI45:
 597              		.cfi_restore 7
 598              		.cfi_def_cfa_offset 0
 599 000c 7047     		bx	lr
 600              		.cfi_endproc
 601              	.LFE155:
 603              		.section	.text.switch_servos,"ax",%progbits
 604              		.align	1
 605              		.global	switch_servos
 606              		.syntax unified
 607              		.thumb
 608              		.thumb_func
ARM GAS  C:\Users\Godwin\AppData\Local\Temp\ccxBfDsq.s 			page 13


 610              	switch_servos:
 611              	.LFB156:
 119:User/Software/remote_control.c **** 
 120:User/Software/remote_control.c **** void switch_servos()
 121:User/Software/remote_control.c **** {
 612              		.loc 1 121 1
 613              		.cfi_startproc
 614              		@ args = 0, pretend = 0, frame = 0
 615              		@ frame_needed = 1, uses_anonymous_args = 0
 616              		@ link register save eliminated.
 617 0000 80B4     		push	{r7}
 618              	.LCFI46:
 619              		.cfi_def_cfa_offset 4
 620              		.cfi_offset 7, -4
 621 0002 00AF     		add	r7, sp, #0
 622              	.LCFI47:
 623              		.cfi_def_cfa_register 7
 122:User/Software/remote_control.c **** 
 123:User/Software/remote_control.c **** 
 124:User/Software/remote_control.c **** }...
 624              		.loc 1 124 1
 625 0004 00BF     		nop
 626 0006 BD46     		mov	sp, r7
 627              	.LCFI48:
 628              		.cfi_def_cfa_register 13
 629              		@ sp needed
 630 0008 5DF8047B 		ldr	r7, [sp], #4
 631              	.LCFI49:
 632              		.cfi_restore 7
 633              		.cfi_def_cfa_offset 0
 634 000c 7047     		bx	lr
 635              		.cfi_endproc
 636              	.LFE156:
 638              		.text
 639              	.Letext0:
 640              		.file 2 "C:/Users/Godwin/13.2 Rel1/arm-none-eabi/include/machine/_default_types.h"
 641              		.file 3 "C:/Users/Godwin/13.2 Rel1/arm-none-eabi/include/sys/_stdint.h"
 642              		.file 4 "Drivers/CMSIS/Device/ST/STM32H7xx/Include/stm32h723xx.h"
 643              		.file 5 "Drivers/STM32H7xx_HAL_Driver/Inc/stm32h7xx_hal_gpio.h"
 644              		.file 6 "User/Software/remote_control.h"
 645              		.file 7 "Algorithm/pid.h"
ARM GAS  C:\Users\Godwin\AppData\Local\Temp\ccxBfDsq.s 			page 14


DEFINED SYMBOLS
                            *ABS*:00000000 remote_control.c
C:\Users\Godwin\AppData\Local\Temp\ccxBfDsq.s:24     .data.b:00000000 b
C:\Users\Godwin\AppData\Local\Temp\ccxBfDsq.s:21     .data.b:00000000 $d
C:\Users\Godwin\AppData\Local\Temp\ccxBfDsq.s:31     .bss.c:00000000 c
C:\Users\Godwin\AppData\Local\Temp\ccxBfDsq.s:28     .bss.c:00000000 $d
C:\Users\Godwin\AppData\Local\Temp\ccxBfDsq.s:38     .bss.RC_data:00000000 RC_data
C:\Users\Godwin\AppData\Local\Temp\ccxBfDsq.s:35     .bss.RC_data:00000000 $d
C:\Users\Godwin\AppData\Local\Temp\ccxBfDsq.s:45     .bss.AHRS_yaw_set:00000000 AHRS_yaw_set
C:\Users\Godwin\AppData\Local\Temp\ccxBfDsq.s:42     .bss.AHRS_yaw_set:00000000 $d
C:\Users\Godwin\AppData\Local\Temp\ccxBfDsq.s:52     .bss.yaw_pid:00000000 yaw_pid
C:\Users\Godwin\AppData\Local\Temp\ccxBfDsq.s:49     .bss.yaw_pid:00000000 $d
C:\Users\Godwin\AppData\Local\Temp\ccxBfDsq.s:59     .bss.delta_angle:00000000 delta_angle
C:\Users\Godwin\AppData\Local\Temp\ccxBfDsq.s:56     .bss.delta_angle:00000000 $d
C:\Users\Godwin\AppData\Local\Temp\ccxBfDsq.s:66     .bss.wait_time:00000000 wait_time
C:\Users\Godwin\AppData\Local\Temp\ccxBfDsq.s:63     .bss.wait_time:00000000 $d
C:\Users\Godwin\AppData\Local\Temp\ccxBfDsq.s:72     .bss.arm_connect_status:00000000 arm_connect_status
C:\Users\Godwin\AppData\Local\Temp\ccxBfDsq.s:73     .bss.arm_connect_status:00000000 $d
C:\Users\Godwin\AppData\Local\Temp\ccxBfDsq.s:78     .bss.boom_arm_status:00000000 boom_arm_status
C:\Users\Godwin\AppData\Local\Temp\ccxBfDsq.s:79     .bss.boom_arm_status:00000000 $d
C:\Users\Godwin\AppData\Local\Temp\ccxBfDsq.s:84     .bss.boom_storage_status:00000000 boom_storage_status
C:\Users\Godwin\AppData\Local\Temp\ccxBfDsq.s:85     .bss.boom_storage_status:00000000 $d
C:\Users\Godwin\AppData\Local\Temp\ccxBfDsq.s:91     .bss.total_angle:00000000 total_angle
C:\Users\Godwin\AppData\Local\Temp\ccxBfDsq.s:88     .bss.total_angle:00000000 $d
C:\Users\Godwin\AppData\Local\Temp\ccxBfDsq.s:98     .bss.prev_angle:00000000 prev_angle
C:\Users\Godwin\AppData\Local\Temp\ccxBfDsq.s:95     .bss.prev_angle:00000000 $d
C:\Users\Godwin\AppData\Local\Temp\ccxBfDsq.s:105    .bss.current_angle:00000000 current_angle
C:\Users\Godwin\AppData\Local\Temp\ccxBfDsq.s:102    .bss.current_angle:00000000 $d
C:\Users\Godwin\AppData\Local\Temp\ccxBfDsq.s:112    .data.angle_range:00000000 angle_range
C:\Users\Godwin\AppData\Local\Temp\ccxBfDsq.s:109    .data.angle_range:00000000 $d
C:\Users\Godwin\AppData\Local\Temp\ccxBfDsq.s:119    .bss.sum_arm:00000000 sum_arm
C:\Users\Godwin\AppData\Local\Temp\ccxBfDsq.s:116    .bss.sum_arm:00000000 $d
C:\Users\Godwin\AppData\Local\Temp\ccxBfDsq.s:122    .text.Wait:00000000 $t
C:\Users\Godwin\AppData\Local\Temp\ccxBfDsq.s:128    .text.Wait:00000000 Wait
C:\Users\Godwin\AppData\Local\Temp\ccxBfDsq.s:166    .text.remote_control_init:00000000 $t
C:\Users\Godwin\AppData\Local\Temp\ccxBfDsq.s:172    .text.remote_control_init:00000000 remote_control_init
C:\Users\Godwin\AppData\Local\Temp\ccxBfDsq.s:216    .text.GPIO_init:00000000 GPIO_init
C:\Users\Godwin\AppData\Local\Temp\ccxBfDsq.s:295    .text.PWM_control_init:00000000 PWM_control_init
C:\Users\Godwin\AppData\Local\Temp\ccxBfDsq.s:204    .text.remote_control_init:0000001c $d
C:\Users\Godwin\AppData\Local\Temp\ccxBfDsq.s:210    .text.GPIO_init:00000000 $t
C:\Users\Godwin\AppData\Local\Temp\ccxBfDsq.s:281    .text.GPIO_init:00000070 $d
C:\Users\Godwin\AppData\Local\Temp\ccxBfDsq.s:289    .text.PWM_control_init:00000000 $t
C:\Users\Godwin\AppData\Local\Temp\ccxBfDsq.s:324    .text.VT13toRCdata:00000000 $t
C:\Users\Godwin\AppData\Local\Temp\ccxBfDsq.s:330    .text.VT13toRCdata:00000000 VT13toRCdata
C:\Users\Godwin\AppData\Local\Temp\ccxBfDsq.s:359    .text.key_mouse_control:00000000 $t
C:\Users\Godwin\AppData\Local\Temp\ccxBfDsq.s:365    .text.key_mouse_control:00000000 key_mouse_control
C:\Users\Godwin\AppData\Local\Temp\ccxBfDsq.s:394    .text.ARM_CONNECT_STATUS_UPDATA:00000000 $t
C:\Users\Godwin\AppData\Local\Temp\ccxBfDsq.s:400    .text.ARM_CONNECT_STATUS_UPDATA:00000000 ARM_CONNECT_STATUS_UPDATA
C:\Users\Godwin\AppData\Local\Temp\ccxBfDsq.s:429    .text.RC_Control:00000000 $t
C:\Users\Godwin\AppData\Local\Temp\ccxBfDsq.s:435    .text.RC_Control:00000000 RC_Control
C:\Users\Godwin\AppData\Local\Temp\ccxBfDsq.s:464    .text.start:00000000 $t
C:\Users\Godwin\AppData\Local\Temp\ccxBfDsq.s:470    .text.start:00000000 start
C:\Users\Godwin\AppData\Local\Temp\ccxBfDsq.s:499    .text.YAWFLOW_POS:00000000 $t
C:\Users\Godwin\AppData\Local\Temp\ccxBfDsq.s:505    .text.YAWFLOW_POS:00000000 YAWFLOW_POS
C:\Users\Godwin\AppData\Local\Temp\ccxBfDsq.s:534    .text.disable_all:00000000 $t
C:\Users\Godwin\AppData\Local\Temp\ccxBfDsq.s:540    .text.disable_all:00000000 disable_all
C:\Users\Godwin\AppData\Local\Temp\ccxBfDsq.s:569    .text.enable_all:00000000 $t
ARM GAS  C:\Users\Godwin\AppData\Local\Temp\ccxBfDsq.s 			page 15


C:\Users\Godwin\AppData\Local\Temp\ccxBfDsq.s:575    .text.enable_all:00000000 enable_all
C:\Users\Godwin\AppData\Local\Temp\ccxBfDsq.s:604    .text.switch_servos:00000000 $t
C:\Users\Godwin\AppData\Local\Temp\ccxBfDsq.s:610    .text.switch_servos:00000000 switch_servos

UNDEFINED SYMBOLS
HAL_GPIO_WritePin
