ARM GAS  C:\Users\23671\AppData\Local\Temp\ccGLpj32.s 			page 1


   1              		.cpu cortex-m7
   2              		.arch armv7e-m
   3              		.fpu fpv5-d16
   4              		.eabi_attribute 28, 1
   5              		.eabi_attribute 20, 1
   6              		.eabi_attribute 21, 1
   7              		.eabi_attribute 23, 3
   8              		.eabi_attribute 24, 1
   9              		.eabi_attribute 25, 1
  10              		.eabi_attribute 26, 1
  11              		.eabi_attribute 30, 6
  12              		.eabi_attribute 34, 1
  13              		.eabi_attribute 18, 4
  14              		.file	"ui.c"
  15              		.text
  16              	.Ltext0:
  17              		.cfi_sections	.debug_frame
  18              		.file 1 "User/Software/ui.c"
  19              		.section	.text.ui_init,"ax",%progbits
  20              		.align	1
  21              		.global	ui_init
  22              		.syntax unified
  23              		.thumb
  24              		.thumb_func
  26              	ui_init:
  27              	.LFB151:
   1:User/Software/ui.c **** #include "ui.h"
   2:User/Software/ui.c **** #include "FreeRTOS.h"
   3:User/Software/ui.c **** #include "cmsis_os2.h"
   4:User/Software/ui.c **** #include "Global_status.h"
   5:User/Software/ui.c **** #include "referee_system.h"
   6:User/Software/ui.c **** #include "remote_control.h"
   7:User/Software/ui.c **** void ui_init()
   8:User/Software/ui.c **** {
  28              		.loc 1 8 1
  29              		.cfi_startproc
  30              		@ args = 0, pretend = 0, frame = 0
  31              		@ frame_needed = 1, uses_anonymous_args = 0
  32 0000 80B5     		push	{r7, lr}
  33              	.LCFI0:
  34              		.cfi_def_cfa_offset 8
  35              		.cfi_offset 7, -8
  36              		.cfi_offset 14, -4
  37 0002 00AF     		add	r7, sp, #0
  38              	.LCFI1:
  39              		.cfi_def_cfa_register 7
   9:User/Software/ui.c ****   ui_init_g();
  40              		.loc 1 9 3
  41 0004 FFF7FEFF 		bl	ui_init_g
  10:User/Software/ui.c ****   osDelay(20);
  42              		.loc 1 10 3
  43 0008 1420     		movs	r0, #20
  44 000a FFF7FEFF 		bl	osDelay
  11:User/Software/ui.c ****   // _ui_init_g_BOOM_0();
  12:User/Software/ui.c ****   // osDelay(20);
  13:User/Software/ui.c ****   // _ui_init_g_BOOM_1();
  14:User/Software/ui.c ****   // osDelay(20);
ARM GAS  C:\Users\23671\AppData\Local\Temp\ccGLpj32.s 			page 2


  15:User/Software/ui.c ****   // _ui_init_g_BOOM_2();
  16:User/Software/ui.c ****   // osDelay(20);
  17:User/Software/ui.c ****   // _ui_init_g_BOOM_3();
  18:User/Software/ui.c ****   // osDelay(20);
  19:User/Software/ui.c ****   // _ui_init_g_MODE_0();
  20:User/Software/ui.c ****   // osDelay(20);
  21:User/Software/ui.c ****   // _ui_init_g_STATE_0();
  22:User/Software/ui.c ****   //   osDelay(20);
  23:User/Software/ui.c **** 
  24:User/Software/ui.c **** }
  45              		.loc 1 24 1
  46 000e 00BF     		nop
  47 0010 80BD     		pop	{r7, pc}
  48              		.cfi_endproc
  49              	.LFE151:
  51              		.section	.text.ui_updata,"ax",%progbits
  52              		.align	1
  53              		.global	ui_updata
  54              		.syntax unified
  55              		.thumb
  56              		.thumb_func
  58              	ui_updata:
  59              	.LFB152:
  25:User/Software/ui.c **** 
  26:User/Software/ui.c **** void ui_updata()
  27:User/Software/ui.c **** {
  60              		.loc 1 27 1
  61              		.cfi_startproc
  62              		@ args = 0, pretend = 0, frame = 0
  63              		@ frame_needed = 1, uses_anonymous_args = 0
  64 0000 80B5     		push	{r7, lr}
  65              	.LCFI2:
  66              		.cfi_def_cfa_offset 8
  67              		.cfi_offset 7, -8
  68              		.cfi_offset 14, -4
  69 0002 00AF     		add	r7, sp, #0
  70              	.LCFI3:
  71              		.cfi_def_cfa_register 7
  28:User/Software/ui.c ****   ui_update_g();
  72              		.loc 1 28 3
  73 0004 FFF7FEFF 		bl	ui_update_g
  29:User/Software/ui.c ****    osDelay(5);
  74              		.loc 1 29 4
  75 0008 0520     		movs	r0, #5
  76 000a FFF7FEFF 		bl	osDelay
  30:User/Software/ui.c **** }
  77              		.loc 1 30 1
  78 000e 00BF     		nop
  79 0010 80BD     		pop	{r7, pc}
  80              		.cfi_endproc
  81              	.LFE152:
  83              		.section	.text.Supercapui_change,"ax",%progbits
  84              		.align	1
  85              		.global	Supercapui_change
  86              		.syntax unified
  87              		.thumb
  88              		.thumb_func
ARM GAS  C:\Users\23671\AppData\Local\Temp\ccGLpj32.s 			page 3


  90              	Supercapui_change:
  91              	.LFB153:
  31:User/Software/ui.c **** 
  32:User/Software/ui.c **** void Supercapui_change(float votage)
  33:User/Software/ui.c **** {
  92              		.loc 1 33 1
  93              		.cfi_startproc
  94              		@ args = 0, pretend = 0, frame = 8
  95              		@ frame_needed = 1, uses_anonymous_args = 0
  96              		@ link register save eliminated.
  97 0000 80B4     		push	{r7}
  98              	.LCFI4:
  99              		.cfi_def_cfa_offset 4
 100              		.cfi_offset 7, -4
 101 0002 83B0     		sub	sp, sp, #12
 102              	.LCFI5:
 103              		.cfi_def_cfa_offset 16
 104 0004 00AF     		add	r7, sp, #0
 105              	.LCFI6:
 106              		.cfi_def_cfa_register 7
 107 0006 87ED010A 		vstr.32	s0, [r7, #4]
  34:User/Software/ui.c **** 
  35:User/Software/ui.c **** }
 108              		.loc 1 35 1
 109 000a 00BF     		nop
 110 000c 0C37     		adds	r7, r7, #12
 111              	.LCFI7:
 112              		.cfi_def_cfa_offset 4
 113 000e BD46     		mov	sp, r7
 114              	.LCFI8:
 115              		.cfi_def_cfa_register 13
 116              		@ sp needed
 117 0010 5DF8047B 		ldr	r7, [sp], #4
 118              	.LCFI9:
 119              		.cfi_restore 7
 120              		.cfi_def_cfa_offset 0
 121 0014 7047     		bx	lr
 122              		.cfi_endproc
 123              	.LFE153:
 125              		.section	.text.BOOMui_change,"ax",%progbits
 126              		.align	1
 127              		.global	BOOMui_change
 128              		.syntax unified
 129              		.thumb
 130              		.thumb_func
 132              	BOOMui_change:
 133              	.LFB154:
  36:User/Software/ui.c **** 
  37:User/Software/ui.c **** void BOOMui_change()
  38:User/Software/ui.c **** {
 134              		.loc 1 38 1
 135              		.cfi_startproc
 136              		@ args = 0, pretend = 0, frame = 0
 137              		@ frame_needed = 1, uses_anonymous_args = 0
 138              		@ link register save eliminated.
 139 0000 80B4     		push	{r7}
 140              	.LCFI10:
ARM GAS  C:\Users\23671\AppData\Local\Temp\ccGLpj32.s 			page 4


 141              		.cfi_def_cfa_offset 4
 142              		.cfi_offset 7, -4
 143 0002 00AF     		add	r7, sp, #0
 144              	.LCFI11:
 145              		.cfi_def_cfa_register 7
  39:User/Software/ui.c **** if(boom_arm_status == ARM_BOOM_OFF){  //关闭紫色
 146              		.loc 1 39 20
 147 0004 164B     		ldr	r3, .L8
 148 0006 1B78     		ldrb	r3, [r3]	@ zero_extendqisi2
 149              		.loc 1 39 3
 150 0008 012B     		cmp	r3, #1
 151 000a 12D1     		bne	.L5
  40:User/Software/ui.c ****   ui_g_1_BOOM1->color = 4;
 152              		.loc 1 40 3
 153 000c 154A     		ldr	r2, .L8+4
 154              		.loc 1 40 23
 155 000e 1379     		ldrb	r3, [r2, #4]
 156 0010 0421     		movs	r1, #4
 157 0012 61F38503 		bfi	r3, r1, #2, #4
 158 0016 1371     		strb	r3, [r2, #4]
  41:User/Software/ui.c ****   ui_g_2_BOOM2->color = 4;
 159              		.loc 1 41 3
 160 0018 134A     		ldr	r2, .L8+8
 161              		.loc 1 41 23
 162 001a 1379     		ldrb	r3, [r2, #4]
 163 001c 0421     		movs	r1, #4
 164 001e 61F38503 		bfi	r3, r1, #2, #4
 165 0022 1371     		strb	r3, [r2, #4]
  42:User/Software/ui.c ****   ui_g_3_BOOM3->color = 4;
 166              		.loc 1 42 3
 167 0024 114A     		ldr	r2, .L8+12
 168              		.loc 1 42 23
 169 0026 1379     		ldrb	r3, [r2, #4]
 170 0028 0421     		movs	r1, #4
 171 002a 61F38503 		bfi	r3, r1, #2, #4
 172 002e 1371     		strb	r3, [r2, #4]
  43:User/Software/ui.c **** }
  44:User/Software/ui.c **** else{                                //开启绿色
  45:User/Software/ui.c ****   ui_g_1_BOOM1->color = 2;
  46:User/Software/ui.c ****   ui_g_2_BOOM2->color = 2;
  47:User/Software/ui.c ****   ui_g_3_BOOM3->color = 2;
  48:User/Software/ui.c **** }
  49:User/Software/ui.c **** }
 173              		.loc 1 49 1
 174 0030 11E0     		b	.L7
 175              	.L5:
  45:User/Software/ui.c ****   ui_g_2_BOOM2->color = 2;
 176              		.loc 1 45 3
 177 0032 0C4A     		ldr	r2, .L8+4
  45:User/Software/ui.c ****   ui_g_2_BOOM2->color = 2;
 178              		.loc 1 45 23
 179 0034 1379     		ldrb	r3, [r2, #4]
 180 0036 0221     		movs	r1, #2
 181 0038 61F38503 		bfi	r3, r1, #2, #4
 182 003c 1371     		strb	r3, [r2, #4]
  46:User/Software/ui.c ****   ui_g_3_BOOM3->color = 2;
 183              		.loc 1 46 3
ARM GAS  C:\Users\23671\AppData\Local\Temp\ccGLpj32.s 			page 5


 184 003e 0A4A     		ldr	r2, .L8+8
  46:User/Software/ui.c ****   ui_g_3_BOOM3->color = 2;
 185              		.loc 1 46 23
 186 0040 1379     		ldrb	r3, [r2, #4]
 187 0042 0221     		movs	r1, #2
 188 0044 61F38503 		bfi	r3, r1, #2, #4
 189 0048 1371     		strb	r3, [r2, #4]
  47:User/Software/ui.c **** }
 190              		.loc 1 47 3
 191 004a 084A     		ldr	r2, .L8+12
  47:User/Software/ui.c **** }
 192              		.loc 1 47 23
 193 004c 1379     		ldrb	r3, [r2, #4]
 194 004e 0221     		movs	r1, #2
 195 0050 61F38503 		bfi	r3, r1, #2, #4
 196 0054 1371     		strb	r3, [r2, #4]
 197              	.L7:
 198              		.loc 1 49 1
 199 0056 00BF     		nop
 200 0058 BD46     		mov	sp, r7
 201              	.LCFI12:
 202              		.cfi_def_cfa_register 13
 203              		@ sp needed
 204 005a 5DF8047B 		ldr	r7, [sp], #4
 205              	.LCFI13:
 206              		.cfi_restore 7
 207              		.cfi_def_cfa_offset 0
 208 005e 7047     		bx	lr
 209              	.L9:
 210              		.align	2
 211              	.L8:
 212 0060 00000000 		.word	boom_arm_status
 213 0064 00000000 		.word	ui_g_now_figures
 214 0068 0F000000 		.word	ui_g_now_figures+15
 215 006c 1E000000 		.word	ui_g_now_figures+30
 216              		.cfi_endproc
 217              	.LFE154:
 219              		.section	.text.Chassisui_change,"ax",%progbits
 220              		.align	1
 221              		.global	Chassisui_change
 222              		.syntax unified
 223              		.thumb
 224              		.thumb_func
 226              	Chassisui_change:
 227              	.LFB155:
  50:User/Software/ui.c **** 
  51:User/Software/ui.c **** void Chassisui_change(float angle)
  52:User/Software/ui.c **** {
 228              		.loc 1 52 1
 229              		.cfi_startproc
 230              		@ args = 0, pretend = 0, frame = 8
 231              		@ frame_needed = 1, uses_anonymous_args = 0
 232              		@ link register save eliminated.
 233 0000 80B4     		push	{r7}
 234              	.LCFI14:
 235              		.cfi_def_cfa_offset 4
 236              		.cfi_offset 7, -4
ARM GAS  C:\Users\23671\AppData\Local\Temp\ccGLpj32.s 			page 6


 237 0002 83B0     		sub	sp, sp, #12
 238              	.LCFI15:
 239              		.cfi_def_cfa_offset 16
 240 0004 00AF     		add	r7, sp, #0
 241              	.LCFI16:
 242              		.cfi_def_cfa_register 7
 243 0006 87ED010A 		vstr.32	s0, [r7, #4]
  53:User/Software/ui.c ****   // float angle_start, angle_end;
  54:User/Software/ui.c ****   // if (angle > 360)
  55:User/Software/ui.c ****   //   angle -= 360;
  56:User/Software/ui.c ****   // angle_start = angle - 20.0f;
  57:User/Software/ui.c ****   // angle_end = angle + 20.0f;
  58:User/Software/ui.c ****   // if (angle_start <= 0.0f)
  59:User/Software/ui.c ****   //   angle_start += 360.0f;
  60:User/Software/ui.c ****   // if (angle_end <= 0.0f)
  61:User/Software/ui.c ****   //   angle_end += 360.0f;
  62:User/Software/ui.c ****   // if (angle_end >= 360.0f)
  63:User/Software/ui.c ****   //   angle_end -= 360.0f;
  64:User/Software/ui.c ****   // if (angle_start >= 360.0f)
  65:User/Software/ui.c ****   //   angle_start -= 360.0f;
  66:User/Software/ui.c ****   // ui_Omni_Chassis_high_Chassis_arc->start_angle = angle_start;
  67:User/Software/ui.c ****   // ui_Omni_Chassis_high_Chassis_arc->end_angle = angle_end;
  68:User/Software/ui.c ****   // if (Global.Chssis.mode == FLOW)
  69:User/Software/ui.c ****   //   ui_Omni_Chassis_high_Chassis_arc->color = 1; // 非小陀螺黄色
  70:User/Software/ui.c ****   // else if (Global.Chssis.mode == SPIN_P)
  71:User/Software/ui.c ****   //   ui_Omni_Chassis_high_Chassis_arc->color = 2; // 小陀螺绿色
  72:User/Software/ui.c ****   // else
  73:User/Software/ui.c ****   //   ui_Omni_Chassis_high_Chassis_arc->color = 1; // 默认黄色
  74:User/Software/ui.c **** 
  75:User/Software/ui.c **** }
 244              		.loc 1 75 1
 245 000a 00BF     		nop
 246 000c 0C37     		adds	r7, r7, #12
 247              	.LCFI17:
 248              		.cfi_def_cfa_offset 4
 249 000e BD46     		mov	sp, r7
 250              	.LCFI18:
 251              		.cfi_def_cfa_register 13
 252              		@ sp needed
 253 0010 5DF8047B 		ldr	r7, [sp], #4
 254              	.LCFI19:
 255              		.cfi_restore 7
 256              		.cfi_def_cfa_offset 0
 257 0014 7047     		bx	lr
 258              		.cfi_endproc
 259              	.LFE155:
 261              		.section	.text.Autoui_change,"ax",%progbits
 262              		.align	1
 263              		.global	Autoui_change
 264              		.syntax unified
 265              		.thumb
 266              		.thumb_func
 268              	Autoui_change:
 269              	.LFB156:
  76:User/Software/ui.c **** 
  77:User/Software/ui.c **** void Autoui_change(void)
  78:User/Software/ui.c **** {
ARM GAS  C:\Users\23671\AppData\Local\Temp\ccGLpj32.s 			page 7


 270              		.loc 1 78 1
 271              		.cfi_startproc
 272              		@ args = 0, pretend = 0, frame = 0
 273              		@ frame_needed = 1, uses_anonymous_args = 0
 274              		@ link register save eliminated.
 275 0000 80B4     		push	{r7}
 276              	.LCFI20:
 277              		.cfi_def_cfa_offset 4
 278              		.cfi_offset 7, -4
 279 0002 00AF     		add	r7, sp, #0
 280              	.LCFI21:
 281              		.cfi_def_cfa_register 7
  79:User/Software/ui.c ****   // static uint8_t auto_online;
  80:User/Software/ui.c ****   // switch (Global.Auto.input.fire) // 自瞄圈
  81:User/Software/ui.c ****   // {
  82:User/Software/ui.c ****   // case 0:
  83:User/Software/ui.c ****   //   ui_Omni_Shoot_Low_Auto_rect->color = 4; // 紫红色
  84:User/Software/ui.c ****   //   break;
  85:User/Software/ui.c ****   // case 1:
  86:User/Software/ui.c ****   //   ui_Omni_Shoot_Low_Auto_rect->color = 2; // 绿色
  87:User/Software/ui.c ****   //   break;
  88:User/Software/ui.c ****   // default:
  89:User/Software/ui.c ****   //   ui_Omni_Shoot_Low_Auto_rect->color = 4; // 紫红色
  90:User/Software/ui.c ****   //   break;
  91:User/Software/ui.c ****   // }
  92:User/Software/ui.c ****   // if (Global.Auto.input.Auto_control_online == 1)
  93:User/Software/ui.c ****   //   auto_online = 10;
  94:User/Software/ui.c ****   // if (Global.Auto.input.Auto_control_online == 0 && auto_online == 0)
  95:User/Software/ui.c ****   // {
  96:User/Software/ui.c ****   //   ui_Omni_Shoot_Low_Auto_rect->color = 7; // 掉线黑色
  97:User/Software/ui.c ****   // }
  98:User/Software/ui.c ****   // auto_online--;
  99:User/Software/ui.c **** }
 282              		.loc 1 99 1
 283 0004 00BF     		nop
 284 0006 BD46     		mov	sp, r7
 285              	.LCFI22:
 286              		.cfi_def_cfa_register 13
 287              		@ sp needed
 288 0008 5DF8047B 		ldr	r7, [sp], #4
 289              	.LCFI23:
 290              		.cfi_restore 7
 291              		.cfi_def_cfa_offset 0
 292 000c 7047     		bx	lr
 293              		.cfi_endproc
 294              	.LFE156:
 296              		.text
 297              	.Letext0:
 298              		.file 2 "D:/MSYS2/mingw64/arm-none-eabi/include/machine/_default_types.h"
 299              		.file 3 "D:/MSYS2/mingw64/arm-none-eabi/include/sys/_stdint.h"
 300              		.file 4 "Drivers/UI/ui_types.h"
 301              		.file 5 "Middlewares/Third_Party/FreeRTOS/Source/CMSIS_RTOS_V2/cmsis_os2.h"
 302              		.file 6 "User/Software/remote_control.h"
 303              		.file 7 "Drivers/UI/ui_g.h"
ARM GAS  C:\Users\23671\AppData\Local\Temp\ccGLpj32.s 			page 8


DEFINED SYMBOLS
                            *ABS*:00000000 ui.c
C:\Users\23671\AppData\Local\Temp\ccGLpj32.s:20     .text.ui_init:00000000 $t
C:\Users\23671\AppData\Local\Temp\ccGLpj32.s:26     .text.ui_init:00000000 ui_init
C:\Users\23671\AppData\Local\Temp\ccGLpj32.s:52     .text.ui_updata:00000000 $t
C:\Users\23671\AppData\Local\Temp\ccGLpj32.s:58     .text.ui_updata:00000000 ui_updata
C:\Users\23671\AppData\Local\Temp\ccGLpj32.s:84     .text.Supercapui_change:00000000 $t
C:\Users\23671\AppData\Local\Temp\ccGLpj32.s:90     .text.Supercapui_change:00000000 Supercapui_change
C:\Users\23671\AppData\Local\Temp\ccGLpj32.s:126    .text.BOOMui_change:00000000 $t
C:\Users\23671\AppData\Local\Temp\ccGLpj32.s:132    .text.BOOMui_change:00000000 BOOMui_change
C:\Users\23671\AppData\Local\Temp\ccGLpj32.s:212    .text.BOOMui_change:00000060 $d
C:\Users\23671\AppData\Local\Temp\ccGLpj32.s:220    .text.Chassisui_change:00000000 $t
C:\Users\23671\AppData\Local\Temp\ccGLpj32.s:226    .text.Chassisui_change:00000000 Chassisui_change
C:\Users\23671\AppData\Local\Temp\ccGLpj32.s:262    .text.Autoui_change:00000000 $t
C:\Users\23671\AppData\Local\Temp\ccGLpj32.s:268    .text.Autoui_change:00000000 Autoui_change

UNDEFINED SYMBOLS
ui_init_g
osDelay
ui_update_g
boom_arm_status
ui_g_now_figures
