ARM GAS  C:\Users\fffff\AppData\Local\Temp\ccKOuU9c.s 			page 1


   1              		.cpu cortex-m7
   2              		.arch armv7e-m
   3              		.fpu fpv5-d16
   4              		.eabi_attribute 28, 1
   5              		.eabi_attribute 20, 1
   6              		.eabi_attribute 21, 1
   7              		.eabi_attribute 23, 3
   8              		.eabi_attribute 24, 1
   9              		.eabi_attribute 25, 1
  10              		.eabi_attribute 26, 1
  11              		.eabi_attribute 30, 6
  12              		.eabi_attribute 34, 1
  13              		.eabi_attribute 18, 4
  14              		.file	"ui_g_BOOM_3.c"
  15              		.text
  16              	.Ltext0:
  17              		.cfi_sections	.debug_frame
  18              		.file 1 "Drivers/UI/ui_g_BOOM_3.c"
  19              		.global	ui_g_BOOM_3
  20              		.section	.bss.ui_g_BOOM_3,"aw",%nobits
  21              		.align	2
  24              	ui_g_BOOM_3:
  25 0000 00000000 		.space	90
  25      00000000 
  25      00000000 
  25      00000000 
  25      00000000 
  26              		.global	ui_g_BOOM_armRect
  27              		.section	.data.ui_g_BOOM_armRect,"aw"
  28              		.align	2
  31              	ui_g_BOOM_armRect:
  32 0000 0D000000 		.word	ui_g_BOOM_3+13
  33              		.global	ui_g_BOOM_leftRect
  34              		.section	.data.ui_g_BOOM_leftRect,"aw"
  35              		.align	2
  38              	ui_g_BOOM_leftRect:
  39 0000 1C000000 		.word	ui_g_BOOM_3+28
  40              		.global	ui_g_BOOM_rightRect
  41              		.section	.data.ui_g_BOOM_rightRect,"aw"
  42              		.align	2
  45              	ui_g_BOOM_rightRect:
  46 0000 2B000000 		.word	ui_g_BOOM_3+43
  47              		.section	.text._ui_init_g_BOOM_3,"ax",%progbits
  48              		.align	1
  49              		.global	_ui_init_g_BOOM_3
  50              		.syntax unified
  51              		.thumb
  52              		.thumb_func
  54              	_ui_init_g_BOOM_3:
  55              	.LFB147:
   1:Drivers/UI/ui_g_BOOM_3.c **** //
   2:Drivers/UI/ui_g_BOOM_3.c **** // Created by RM UI Designer
   3:Drivers/UI/ui_g_BOOM_3.c **** //
   4:Drivers/UI/ui_g_BOOM_3.c **** 
   5:Drivers/UI/ui_g_BOOM_3.c **** #include "ui_g_BOOM_3.h"
   6:Drivers/UI/ui_g_BOOM_3.c **** 
   7:Drivers/UI/ui_g_BOOM_3.c **** #define FRAME_ID 0
ARM GAS  C:\Users\fffff\AppData\Local\Temp\ccKOuU9c.s 			page 2


   8:Drivers/UI/ui_g_BOOM_3.c **** #define GROUP_ID 0
   9:Drivers/UI/ui_g_BOOM_3.c **** #define START_ID 3
  10:Drivers/UI/ui_g_BOOM_3.c **** #define OBJ_NUM 3
  11:Drivers/UI/ui_g_BOOM_3.c **** #define FRAME_OBJ_NUM 5
  12:Drivers/UI/ui_g_BOOM_3.c **** 
  13:Drivers/UI/ui_g_BOOM_3.c **** CAT(ui_, CAT(FRAME_OBJ_NUM, _frame_t)) ui_g_BOOM_3;
  14:Drivers/UI/ui_g_BOOM_3.c **** ui_interface_rect_t *ui_g_BOOM_armRect = (ui_interface_rect_t *)&(ui_g_BOOM_3.data[0]);
  15:Drivers/UI/ui_g_BOOM_3.c **** ui_interface_rect_t *ui_g_BOOM_leftRect = (ui_interface_rect_t *)&(ui_g_BOOM_3.data[1]);
  16:Drivers/UI/ui_g_BOOM_3.c **** ui_interface_rect_t *ui_g_BOOM_rightRect = (ui_interface_rect_t *)&(ui_g_BOOM_3.data[2]);
  17:Drivers/UI/ui_g_BOOM_3.c **** 
  18:Drivers/UI/ui_g_BOOM_3.c **** void _ui_init_g_BOOM_3() {
  56              		.loc 1 18 26
  57              		.cfi_startproc
  58              		@ args = 0, pretend = 0, frame = 8
  59              		@ frame_needed = 1, uses_anonymous_args = 0
  60 0000 80B5     		push	{r7, lr}
  61              	.LCFI0:
  62              		.cfi_def_cfa_offset 8
  63              		.cfi_offset 7, -8
  64              		.cfi_offset 14, -4
  65 0002 82B0     		sub	sp, sp, #8
  66              	.LCFI1:
  67              		.cfi_def_cfa_offset 16
  68 0004 00AF     		add	r7, sp, #0
  69              	.LCFI2:
  70              		.cfi_def_cfa_register 7
  71              	.LBB2:
  19:Drivers/UI/ui_g_BOOM_3.c ****     for (int i = 0; i < OBJ_NUM; i++) {
  72              		.loc 1 19 14
  73 0006 0023     		movs	r3, #0
  74 0008 7B60     		str	r3, [r7, #4]
  75              		.loc 1 19 5
  76 000a 2EE0     		b	.L2
  77              	.L3:
  20:Drivers/UI/ui_g_BOOM_3.c ****         ui_g_BOOM_3.data[i].figure_name[0] = FRAME_ID;
  78              		.loc 1 20 44
  79 000c AA49     		ldr	r1, .L6
  80 000e 7A68     		ldr	r2, [r7, #4]
  81 0010 1346     		mov	r3, r2
  82 0012 1B01     		lsls	r3, r3, #4
  83 0014 9B1A     		subs	r3, r3, r2
  84 0016 0B44     		add	r3, r3, r1
  85 0018 0D33     		adds	r3, r3, #13
  86 001a 0022     		movs	r2, #0
  87 001c 1A70     		strb	r2, [r3]
  21:Drivers/UI/ui_g_BOOM_3.c ****         ui_g_BOOM_3.data[i].figure_name[1] = GROUP_ID;
  88              		.loc 1 21 44
  89 001e A649     		ldr	r1, .L6
  90 0020 7A68     		ldr	r2, [r7, #4]
  91 0022 1346     		mov	r3, r2
  92 0024 1B01     		lsls	r3, r3, #4
  93 0026 9B1A     		subs	r3, r3, r2
  94 0028 0B44     		add	r3, r3, r1
  95 002a 0E33     		adds	r3, r3, #14
  96 002c 0022     		movs	r2, #0
  97 002e 1A70     		strb	r2, [r3]
  22:Drivers/UI/ui_g_BOOM_3.c ****         ui_g_BOOM_3.data[i].figure_name[2] = i + START_ID;
ARM GAS  C:\Users\fffff\AppData\Local\Temp\ccKOuU9c.s 			page 3


  98              		.loc 1 22 48
  99 0030 7B68     		ldr	r3, [r7, #4]
 100 0032 DBB2     		uxtb	r3, r3
 101 0034 0333     		adds	r3, r3, #3
 102 0036 D8B2     		uxtb	r0, r3
 103              		.loc 1 22 44
 104 0038 9F49     		ldr	r1, .L6
 105 003a 7A68     		ldr	r2, [r7, #4]
 106 003c 1346     		mov	r3, r2
 107 003e 1B01     		lsls	r3, r3, #4
 108 0040 9B1A     		subs	r3, r3, r2
 109 0042 0B44     		add	r3, r3, r1
 110 0044 0F33     		adds	r3, r3, #15
 111 0046 0246     		mov	r2, r0
 112 0048 1A70     		strb	r2, [r3]
  23:Drivers/UI/ui_g_BOOM_3.c ****         ui_g_BOOM_3.data[i].operate_tpyel = 1;
 113              		.loc 1 23 43
 114 004a 9B49     		ldr	r1, .L6
 115 004c 7A68     		ldr	r2, [r7, #4]
 116 004e 1346     		mov	r3, r2
 117 0050 1B01     		lsls	r3, r3, #4
 118 0052 9B1A     		subs	r3, r3, r2
 119 0054 0B44     		add	r3, r3, r1
 120 0056 03F10802 		add	r2, r3, #8
 121 005a 137A     		ldrb	r3, [r2, #8]
 122 005c 0121     		movs	r1, #1
 123 005e 61F30203 		bfi	r3, r1, #0, #3
 124 0062 1372     		strb	r3, [r2, #8]
  19:Drivers/UI/ui_g_BOOM_3.c ****         ui_g_BOOM_3.data[i].figure_name[0] = FRAME_ID;
 125              		.loc 1 19 35 discriminator 3
 126 0064 7B68     		ldr	r3, [r7, #4]
 127 0066 0133     		adds	r3, r3, #1
 128 0068 7B60     		str	r3, [r7, #4]
 129              	.L2:
  19:Drivers/UI/ui_g_BOOM_3.c ****         ui_g_BOOM_3.data[i].figure_name[0] = FRAME_ID;
 130              		.loc 1 19 23 discriminator 1
 131 006a 7B68     		ldr	r3, [r7, #4]
 132 006c 022B     		cmp	r3, #2
 133 006e CDDD     		ble	.L3
 134              	.LBE2:
 135              	.LBB3:
  24:Drivers/UI/ui_g_BOOM_3.c ****     }
  25:Drivers/UI/ui_g_BOOM_3.c ****     for (int i = OBJ_NUM; i < FRAME_OBJ_NUM; i++) {
 136              		.loc 1 25 14
 137 0070 0323     		movs	r3, #3
 138 0072 3B60     		str	r3, [r7]
 139              		.loc 1 25 5
 140 0074 0EE0     		b	.L4
 141              	.L5:
  26:Drivers/UI/ui_g_BOOM_3.c ****         ui_g_BOOM_3.data[i].operate_tpyel = 0;
 142              		.loc 1 26 43
 143 0076 9049     		ldr	r1, .L6
 144 0078 3A68     		ldr	r2, [r7]
 145 007a 1346     		mov	r3, r2
 146 007c 1B01     		lsls	r3, r3, #4
 147 007e 9B1A     		subs	r3, r3, r2
 148 0080 0B44     		add	r3, r3, r1
ARM GAS  C:\Users\fffff\AppData\Local\Temp\ccKOuU9c.s 			page 4


 149 0082 03F10802 		add	r2, r3, #8
 150 0086 137A     		ldrb	r3, [r2, #8]
 151 0088 23F00703 		bic	r3, r3, #7
 152 008c 1372     		strb	r3, [r2, #8]
  25:Drivers/UI/ui_g_BOOM_3.c ****         ui_g_BOOM_3.data[i].operate_tpyel = 0;
 153              		.loc 1 25 47 discriminator 3
 154 008e 3B68     		ldr	r3, [r7]
 155 0090 0133     		adds	r3, r3, #1
 156 0092 3B60     		str	r3, [r7]
 157              	.L4:
  25:Drivers/UI/ui_g_BOOM_3.c ****         ui_g_BOOM_3.data[i].operate_tpyel = 0;
 158              		.loc 1 25 29 discriminator 1
 159 0094 3B68     		ldr	r3, [r7]
 160 0096 042B     		cmp	r3, #4
 161 0098 EDDD     		ble	.L5
 162              	.LBE3:
  27:Drivers/UI/ui_g_BOOM_3.c ****     }
  28:Drivers/UI/ui_g_BOOM_3.c **** 
  29:Drivers/UI/ui_g_BOOM_3.c ****     ui_g_BOOM_armRect->figure_tpye = 1;
 163              		.loc 1 29 22
 164 009a 884B     		ldr	r3, .L6+4
 165 009c 1A68     		ldr	r2, [r3]
 166              		.loc 1 29 36
 167 009e D378     		ldrb	r3, [r2, #3]
 168 00a0 0121     		movs	r1, #1
 169 00a2 61F3C503 		bfi	r3, r1, #3, #3
 170 00a6 D370     		strb	r3, [r2, #3]
  30:Drivers/UI/ui_g_BOOM_3.c ****     ui_g_BOOM_armRect->layer = 0;
 171              		.loc 1 30 22
 172 00a8 844B     		ldr	r3, .L6+4
 173 00aa 1B68     		ldr	r3, [r3]
 174              		.loc 1 30 30
 175 00ac DA78     		ldrb	r2, [r3, #3]
 176 00ae 02F03F02 		and	r2, r2, #63
 177 00b2 DA70     		strb	r2, [r3, #3]
 178 00b4 1A79     		ldrb	r2, [r3, #4]
 179 00b6 22F00302 		bic	r2, r2, #3
 180 00ba 1A71     		strb	r2, [r3, #4]
  31:Drivers/UI/ui_g_BOOM_3.c ****     ui_g_BOOM_armRect->start_x = 90;
 181              		.loc 1 31 22
 182 00bc 7F4B     		ldr	r3, .L6+4
 183 00be 1B68     		ldr	r3, [r3]
 184              		.loc 1 31 32
 185 00c0 1A7A     		ldrb	r2, [r3, #8]
 186 00c2 02F00302 		and	r2, r2, #3
 187 00c6 42F06802 		orr	r2, r2, #104
 188 00ca 1A72     		strb	r2, [r3, #8]
 189 00cc 5A7A     		ldrb	r2, [r3, #9]
 190 00ce 22F01F02 		bic	r2, r2, #31
 191 00d2 42F00102 		orr	r2, r2, #1
 192 00d6 5A72     		strb	r2, [r3, #9]
  32:Drivers/UI/ui_g_BOOM_3.c ****     ui_g_BOOM_armRect->start_y = 300;
 193              		.loc 1 32 22
 194 00d8 784B     		ldr	r3, .L6+4
 195 00da 1B68     		ldr	r3, [r3]
 196              		.loc 1 32 32
 197 00dc 5A7A     		ldrb	r2, [r3, #9]
ARM GAS  C:\Users\fffff\AppData\Local\Temp\ccKOuU9c.s 			page 5


 198 00de 02F01F02 		and	r2, r2, #31
 199 00e2 62F07F02 		orn	r2, r2, #127
 200 00e6 5A72     		strb	r2, [r3, #9]
 201 00e8 0022     		movs	r2, #0
 202 00ea 42F02502 		orr	r2, r2, #37
 203 00ee 9A72     		strb	r2, [r3, #10]
  33:Drivers/UI/ui_g_BOOM_3.c ****     ui_g_BOOM_armRect->color = 5;
 204              		.loc 1 33 22
 205 00f0 724B     		ldr	r3, .L6+4
 206 00f2 1A68     		ldr	r2, [r3]
 207              		.loc 1 33 30
 208 00f4 1379     		ldrb	r3, [r2, #4]
 209 00f6 0521     		movs	r1, #5
 210 00f8 61F38503 		bfi	r3, r1, #2, #4
 211 00fc 1371     		strb	r3, [r2, #4]
  34:Drivers/UI/ui_g_BOOM_3.c ****     ui_g_BOOM_armRect->width = 5;
 212              		.loc 1 34 22
 213 00fe 6F4B     		ldr	r3, .L6+4
 214 0100 1B68     		ldr	r3, [r3]
 215              		.loc 1 34 30
 216 0102 0022     		movs	r2, #0
 217 0104 42F00502 		orr	r2, r2, #5
 218 0108 DA71     		strb	r2, [r3, #7]
 219 010a 1A7A     		ldrb	r2, [r3, #8]
 220 010c 22F00302 		bic	r2, r2, #3
 221 0110 1A72     		strb	r2, [r3, #8]
  35:Drivers/UI/ui_g_BOOM_3.c ****     ui_g_BOOM_armRect->end_x = 100;
 222              		.loc 1 35 22
 223 0112 6A4B     		ldr	r3, .L6+4
 224 0114 1B68     		ldr	r3, [r3]
 225              		.loc 1 35 30
 226 0116 1A7B     		ldrb	r2, [r3, #12]
 227 0118 02F00302 		and	r2, r2, #3
 228 011c 62F06F02 		orn	r2, r2, #111
 229 0120 1A73     		strb	r2, [r3, #12]
 230 0122 5A7B     		ldrb	r2, [r3, #13]
 231 0124 22F01F02 		bic	r2, r2, #31
 232 0128 42F00102 		orr	r2, r2, #1
 233 012c 5A73     		strb	r2, [r3, #13]
  36:Drivers/UI/ui_g_BOOM_3.c ****     ui_g_BOOM_armRect->end_y = 310;
 234              		.loc 1 36 22
 235 012e 634B     		ldr	r3, .L6+4
 236 0130 1B68     		ldr	r3, [r3]
 237              		.loc 1 36 30
 238 0132 5A7B     		ldrb	r2, [r3, #13]
 239 0134 02F01F02 		and	r2, r2, #31
 240 0138 62F03F02 		orn	r2, r2, #63
 241 013c 5A73     		strb	r2, [r3, #13]
 242 013e 0022     		movs	r2, #0
 243 0140 42F02602 		orr	r2, r2, #38
 244 0144 9A73     		strb	r2, [r3, #14]
  37:Drivers/UI/ui_g_BOOM_3.c **** 
  38:Drivers/UI/ui_g_BOOM_3.c ****     ui_g_BOOM_leftRect->figure_tpye = 1;
 245              		.loc 1 38 23
 246 0146 5E4B     		ldr	r3, .L6+8
 247 0148 1A68     		ldr	r2, [r3]
 248              		.loc 1 38 37
ARM GAS  C:\Users\fffff\AppData\Local\Temp\ccKOuU9c.s 			page 6


 249 014a D378     		ldrb	r3, [r2, #3]
 250 014c 0121     		movs	r1, #1
 251 014e 61F3C503 		bfi	r3, r1, #3, #3
 252 0152 D370     		strb	r3, [r2, #3]
  39:Drivers/UI/ui_g_BOOM_3.c ****     ui_g_BOOM_leftRect->layer = 0;
 253              		.loc 1 39 23
 254 0154 5A4B     		ldr	r3, .L6+8
 255 0156 1B68     		ldr	r3, [r3]
 256              		.loc 1 39 31
 257 0158 DA78     		ldrb	r2, [r3, #3]
 258 015a 02F03F02 		and	r2, r2, #63
 259 015e DA70     		strb	r2, [r3, #3]
 260 0160 1A79     		ldrb	r2, [r3, #4]
 261 0162 22F00302 		bic	r2, r2, #3
 262 0166 1A71     		strb	r2, [r3, #4]
  40:Drivers/UI/ui_g_BOOM_3.c ****     ui_g_BOOM_leftRect->start_x = 180;
 263              		.loc 1 40 23
 264 0168 554B     		ldr	r3, .L6+8
 265 016a 1B68     		ldr	r3, [r3]
 266              		.loc 1 40 33
 267 016c 1A7A     		ldrb	r2, [r3, #8]
 268 016e 02F00302 		and	r2, r2, #3
 269 0172 62F02F02 		orn	r2, r2, #47
 270 0176 1A72     		strb	r2, [r3, #8]
 271 0178 5A7A     		ldrb	r2, [r3, #9]
 272 017a 22F01F02 		bic	r2, r2, #31
 273 017e 42F00202 		orr	r2, r2, #2
 274 0182 5A72     		strb	r2, [r3, #9]
  41:Drivers/UI/ui_g_BOOM_3.c ****     ui_g_BOOM_leftRect->start_y = 300;
 275              		.loc 1 41 23
 276 0184 4E4B     		ldr	r3, .L6+8
 277 0186 1B68     		ldr	r3, [r3]
 278              		.loc 1 41 33
 279 0188 5A7A     		ldrb	r2, [r3, #9]
 280 018a 02F01F02 		and	r2, r2, #31
 281 018e 62F07F02 		orn	r2, r2, #127
 282 0192 5A72     		strb	r2, [r3, #9]
 283 0194 0022     		movs	r2, #0
 284 0196 42F02502 		orr	r2, r2, #37
 285 019a 9A72     		strb	r2, [r3, #10]
  42:Drivers/UI/ui_g_BOOM_3.c ****     ui_g_BOOM_leftRect->color = 2;
 286              		.loc 1 42 23
 287 019c 484B     		ldr	r3, .L6+8
 288 019e 1A68     		ldr	r2, [r3]
 289              		.loc 1 42 31
 290 01a0 1379     		ldrb	r3, [r2, #4]
 291 01a2 0221     		movs	r1, #2
 292 01a4 61F38503 		bfi	r3, r1, #2, #4
 293 01a8 1371     		strb	r3, [r2, #4]
  43:Drivers/UI/ui_g_BOOM_3.c ****     ui_g_BOOM_leftRect->width = 5;
 294              		.loc 1 43 23
 295 01aa 454B     		ldr	r3, .L6+8
 296 01ac 1B68     		ldr	r3, [r3]
 297              		.loc 1 43 31
 298 01ae 0022     		movs	r2, #0
 299 01b0 42F00502 		orr	r2, r2, #5
 300 01b4 DA71     		strb	r2, [r3, #7]
ARM GAS  C:\Users\fffff\AppData\Local\Temp\ccKOuU9c.s 			page 7


 301 01b6 1A7A     		ldrb	r2, [r3, #8]
 302 01b8 22F00302 		bic	r2, r2, #3
 303 01bc 1A72     		strb	r2, [r3, #8]
  44:Drivers/UI/ui_g_BOOM_3.c ****     ui_g_BOOM_leftRect->end_x = 190;
 304              		.loc 1 44 23
 305 01be 404B     		ldr	r3, .L6+8
 306 01c0 1B68     		ldr	r3, [r3]
 307              		.loc 1 44 31
 308 01c2 1A7B     		ldrb	r2, [r3, #12]
 309 01c4 02F00302 		and	r2, r2, #3
 310 01c8 62F00702 		orn	r2, r2, #7
 311 01cc 1A73     		strb	r2, [r3, #12]
 312 01ce 5A7B     		ldrb	r2, [r3, #13]
 313 01d0 22F01F02 		bic	r2, r2, #31
 314 01d4 42F00202 		orr	r2, r2, #2
 315 01d8 5A73     		strb	r2, [r3, #13]
  45:Drivers/UI/ui_g_BOOM_3.c ****     ui_g_BOOM_leftRect->end_y = 310;
 316              		.loc 1 45 23
 317 01da 394B     		ldr	r3, .L6+8
 318 01dc 1B68     		ldr	r3, [r3]
 319              		.loc 1 45 31
 320 01de 5A7B     		ldrb	r2, [r3, #13]
 321 01e0 02F01F02 		and	r2, r2, #31
 322 01e4 62F03F02 		orn	r2, r2, #63
 323 01e8 5A73     		strb	r2, [r3, #13]
 324 01ea 0022     		movs	r2, #0
 325 01ec 42F02602 		orr	r2, r2, #38
 326 01f0 9A73     		strb	r2, [r3, #14]
  46:Drivers/UI/ui_g_BOOM_3.c **** 
  47:Drivers/UI/ui_g_BOOM_3.c ****     ui_g_BOOM_rightRect->figure_tpye = 1;
 327              		.loc 1 47 24
 328 01f2 344B     		ldr	r3, .L6+12
 329 01f4 1A68     		ldr	r2, [r3]
 330              		.loc 1 47 38
 331 01f6 D378     		ldrb	r3, [r2, #3]
 332 01f8 0121     		movs	r1, #1
 333 01fa 61F3C503 		bfi	r3, r1, #3, #3
 334 01fe D370     		strb	r3, [r2, #3]
  48:Drivers/UI/ui_g_BOOM_3.c ****     ui_g_BOOM_rightRect->layer = 0;
 335              		.loc 1 48 24
 336 0200 304B     		ldr	r3, .L6+12
 337 0202 1B68     		ldr	r3, [r3]
 338              		.loc 1 48 32
 339 0204 DA78     		ldrb	r2, [r3, #3]
 340 0206 02F03F02 		and	r2, r2, #63
 341 020a DA70     		strb	r2, [r3, #3]
 342 020c 1A79     		ldrb	r2, [r3, #4]
 343 020e 22F00302 		bic	r2, r2, #3
 344 0212 1A71     		strb	r2, [r3, #4]
  49:Drivers/UI/ui_g_BOOM_3.c ****     ui_g_BOOM_rightRect->start_x = 270;
 345              		.loc 1 49 24
 346 0214 2B4B     		ldr	r3, .L6+12
 347 0216 1B68     		ldr	r3, [r3]
 348              		.loc 1 49 34
 349 0218 1A7A     		ldrb	r2, [r3, #8]
 350 021a 02F00302 		and	r2, r2, #3
 351 021e 42F03802 		orr	r2, r2, #56
ARM GAS  C:\Users\fffff\AppData\Local\Temp\ccKOuU9c.s 			page 8


 352 0222 1A72     		strb	r2, [r3, #8]
 353 0224 5A7A     		ldrb	r2, [r3, #9]
 354 0226 22F01F02 		bic	r2, r2, #31
 355 022a 42F00402 		orr	r2, r2, #4
 356 022e 5A72     		strb	r2, [r3, #9]
  50:Drivers/UI/ui_g_BOOM_3.c ****     ui_g_BOOM_rightRect->start_y = 300;
 357              		.loc 1 50 24
 358 0230 244B     		ldr	r3, .L6+12
 359 0232 1B68     		ldr	r3, [r3]
 360              		.loc 1 50 34
 361 0234 5A7A     		ldrb	r2, [r3, #9]
 362 0236 02F01F02 		and	r2, r2, #31
 363 023a 62F07F02 		orn	r2, r2, #127
 364 023e 5A72     		strb	r2, [r3, #9]
 365 0240 0022     		movs	r2, #0
 366 0242 42F02502 		orr	r2, r2, #37
 367 0246 9A72     		strb	r2, [r3, #10]
  51:Drivers/UI/ui_g_BOOM_3.c ****     ui_g_BOOM_rightRect->color = 2;
 368              		.loc 1 51 24
 369 0248 1E4B     		ldr	r3, .L6+12
 370 024a 1A68     		ldr	r2, [r3]
 371              		.loc 1 51 32
 372 024c 1379     		ldrb	r3, [r2, #4]
 373 024e 0221     		movs	r1, #2
 374 0250 61F38503 		bfi	r3, r1, #2, #4
 375 0254 1371     		strb	r3, [r2, #4]
  52:Drivers/UI/ui_g_BOOM_3.c ****     ui_g_BOOM_rightRect->width = 5;
 376              		.loc 1 52 24
 377 0256 1B4B     		ldr	r3, .L6+12
 378 0258 1B68     		ldr	r3, [r3]
 379              		.loc 1 52 32
 380 025a 0022     		movs	r2, #0
 381 025c 42F00502 		orr	r2, r2, #5
 382 0260 DA71     		strb	r2, [r3, #7]
 383 0262 1A7A     		ldrb	r2, [r3, #8]
 384 0264 22F00302 		bic	r2, r2, #3
 385 0268 1A72     		strb	r2, [r3, #8]
  53:Drivers/UI/ui_g_BOOM_3.c ****     ui_g_BOOM_rightRect->end_x = 280;
 386              		.loc 1 53 24
 387 026a 164B     		ldr	r3, .L6+12
 388 026c 1B68     		ldr	r3, [r3]
 389              		.loc 1 53 32
 390 026e 1A7B     		ldrb	r2, [r3, #12]
 391 0270 02F00302 		and	r2, r2, #3
 392 0274 42F06002 		orr	r2, r2, #96
 393 0278 1A73     		strb	r2, [r3, #12]
 394 027a 5A7B     		ldrb	r2, [r3, #13]
 395 027c 22F01F02 		bic	r2, r2, #31
 396 0280 42F00402 		orr	r2, r2, #4
 397 0284 5A73     		strb	r2, [r3, #13]
  54:Drivers/UI/ui_g_BOOM_3.c ****     ui_g_BOOM_rightRect->end_y = 310;
 398              		.loc 1 54 24
 399 0286 0F4B     		ldr	r3, .L6+12
 400 0288 1B68     		ldr	r3, [r3]
 401              		.loc 1 54 32
 402 028a 5A7B     		ldrb	r2, [r3, #13]
 403 028c 02F01F02 		and	r2, r2, #31
ARM GAS  C:\Users\fffff\AppData\Local\Temp\ccKOuU9c.s 			page 9


 404 0290 62F03F02 		orn	r2, r2, #63
 405 0294 5A73     		strb	r2, [r3, #13]
 406 0296 0022     		movs	r2, #0
 407 0298 42F02602 		orr	r2, r2, #38
 408 029c 9A73     		strb	r2, [r3, #14]
  55:Drivers/UI/ui_g_BOOM_3.c **** 
  56:Drivers/UI/ui_g_BOOM_3.c **** 
  57:Drivers/UI/ui_g_BOOM_3.c ****     CAT(ui_proc_, CAT(FRAME_OBJ_NUM, _frame))(&ui_g_BOOM_3);
 409              		.loc 1 57 5
 410 029e 0648     		ldr	r0, .L6
 411 02a0 FFF7FEFF 		bl	ui_proc_5_frame
  58:Drivers/UI/ui_g_BOOM_3.c ****     SEND_MESSAGE((uint8_t *) &ui_g_BOOM_3, sizeof(ui_g_BOOM_3));
 412              		.loc 1 58 5
 413 02a4 6423     		movs	r3, #100
 414 02a6 5A22     		movs	r2, #90
 415 02a8 0349     		ldr	r1, .L6
 416 02aa 0748     		ldr	r0, .L6+16
 417 02ac FFF7FEFF 		bl	HAL_UART_Transmit
  59:Drivers/UI/ui_g_BOOM_3.c **** }
 418              		.loc 1 59 1
 419 02b0 00BF     		nop
 420 02b2 0837     		adds	r7, r7, #8
 421              	.LCFI3:
 422              		.cfi_def_cfa_offset 8
 423 02b4 BD46     		mov	sp, r7
 424              	.LCFI4:
 425              		.cfi_def_cfa_register 13
 426              		@ sp needed
 427 02b6 80BD     		pop	{r7, pc}
 428              	.L7:
 429              		.align	2
 430              	.L6:
 431 02b8 00000000 		.word	ui_g_BOOM_3
 432 02bc 00000000 		.word	ui_g_BOOM_armRect
 433 02c0 00000000 		.word	ui_g_BOOM_leftRect
 434 02c4 00000000 		.word	ui_g_BOOM_rightRect
 435 02c8 00000000 		.word	huart7
 436              		.cfi_endproc
 437              	.LFE147:
 439              		.section	.text._ui_update_g_BOOM_3,"ax",%progbits
 440              		.align	1
 441              		.global	_ui_update_g_BOOM_3
 442              		.syntax unified
 443              		.thumb
 444              		.thumb_func
 446              	_ui_update_g_BOOM_3:
 447              	.LFB148:
  60:Drivers/UI/ui_g_BOOM_3.c **** 
  61:Drivers/UI/ui_g_BOOM_3.c **** void _ui_update_g_BOOM_3() {
 448              		.loc 1 61 28
 449              		.cfi_startproc
 450              		@ args = 0, pretend = 0, frame = 8
 451              		@ frame_needed = 1, uses_anonymous_args = 0
 452 0000 80B5     		push	{r7, lr}
 453              	.LCFI5:
 454              		.cfi_def_cfa_offset 8
 455              		.cfi_offset 7, -8
ARM GAS  C:\Users\fffff\AppData\Local\Temp\ccKOuU9c.s 			page 10


 456              		.cfi_offset 14, -4
 457 0002 82B0     		sub	sp, sp, #8
 458              	.LCFI6:
 459              		.cfi_def_cfa_offset 16
 460 0004 00AF     		add	r7, sp, #0
 461              	.LCFI7:
 462              		.cfi_def_cfa_register 7
 463              	.LBB4:
  62:Drivers/UI/ui_g_BOOM_3.c ****     for (int i = 0; i < OBJ_NUM; i++) {
 464              		.loc 1 62 14
 465 0006 0023     		movs	r3, #0
 466 0008 7B60     		str	r3, [r7, #4]
 467              		.loc 1 62 5
 468 000a 0FE0     		b	.L9
 469              	.L10:
  63:Drivers/UI/ui_g_BOOM_3.c ****         ui_g_BOOM_3.data[i].operate_tpyel = 2;
 470              		.loc 1 63 43
 471 000c 0F49     		ldr	r1, .L11
 472 000e 7A68     		ldr	r2, [r7, #4]
 473 0010 1346     		mov	r3, r2
 474 0012 1B01     		lsls	r3, r3, #4
 475 0014 9B1A     		subs	r3, r3, r2
 476 0016 0B44     		add	r3, r3, r1
 477 0018 03F10802 		add	r2, r3, #8
 478 001c 137A     		ldrb	r3, [r2, #8]
 479 001e 0221     		movs	r1, #2
 480 0020 61F30203 		bfi	r3, r1, #0, #3
 481 0024 1372     		strb	r3, [r2, #8]
  62:Drivers/UI/ui_g_BOOM_3.c ****     for (int i = 0; i < OBJ_NUM; i++) {
 482              		.loc 1 62 35 discriminator 3
 483 0026 7B68     		ldr	r3, [r7, #4]
 484 0028 0133     		adds	r3, r3, #1
 485 002a 7B60     		str	r3, [r7, #4]
 486              	.L9:
  62:Drivers/UI/ui_g_BOOM_3.c ****     for (int i = 0; i < OBJ_NUM; i++) {
 487              		.loc 1 62 23 discriminator 1
 488 002c 7B68     		ldr	r3, [r7, #4]
 489 002e 022B     		cmp	r3, #2
 490 0030 ECDD     		ble	.L10
 491              	.LBE4:
  64:Drivers/UI/ui_g_BOOM_3.c ****     }
  65:Drivers/UI/ui_g_BOOM_3.c **** 
  66:Drivers/UI/ui_g_BOOM_3.c ****     CAT(ui_proc_, CAT(FRAME_OBJ_NUM, _frame))(&ui_g_BOOM_3);
 492              		.loc 1 66 5
 493 0032 0648     		ldr	r0, .L11
 494 0034 FFF7FEFF 		bl	ui_proc_5_frame
  67:Drivers/UI/ui_g_BOOM_3.c ****     SEND_MESSAGE((uint8_t *) &ui_g_BOOM_3, sizeof(ui_g_BOOM_3));
 495              		.loc 1 67 5
 496 0038 6423     		movs	r3, #100
 497 003a 5A22     		movs	r2, #90
 498 003c 0349     		ldr	r1, .L11
 499 003e 0448     		ldr	r0, .L11+4
 500 0040 FFF7FEFF 		bl	HAL_UART_Transmit
  68:Drivers/UI/ui_g_BOOM_3.c **** }
 501              		.loc 1 68 1
 502 0044 00BF     		nop
 503 0046 0837     		adds	r7, r7, #8
ARM GAS  C:\Users\fffff\AppData\Local\Temp\ccKOuU9c.s 			page 11


 504              	.LCFI8:
 505              		.cfi_def_cfa_offset 8
 506 0048 BD46     		mov	sp, r7
 507              	.LCFI9:
 508              		.cfi_def_cfa_register 13
 509              		@ sp needed
 510 004a 80BD     		pop	{r7, pc}
 511              	.L12:
 512              		.align	2
 513              	.L11:
 514 004c 00000000 		.word	ui_g_BOOM_3
 515 0050 00000000 		.word	huart7
 516              		.cfi_endproc
 517              	.LFE148:
 519              		.section	.text._ui_remove_g_BOOM_3,"ax",%progbits
 520              		.align	1
 521              		.global	_ui_remove_g_BOOM_3
 522              		.syntax unified
 523              		.thumb
 524              		.thumb_func
 526              	_ui_remove_g_BOOM_3:
 527              	.LFB149:
  69:Drivers/UI/ui_g_BOOM_3.c **** 
  70:Drivers/UI/ui_g_BOOM_3.c **** void _ui_remove_g_BOOM_3() {
 528              		.loc 1 70 28
 529              		.cfi_startproc
 530              		@ args = 0, pretend = 0, frame = 8
 531              		@ frame_needed = 1, uses_anonymous_args = 0
 532 0000 80B5     		push	{r7, lr}
 533              	.LCFI10:
 534              		.cfi_def_cfa_offset 8
 535              		.cfi_offset 7, -8
 536              		.cfi_offset 14, -4
 537 0002 82B0     		sub	sp, sp, #8
 538              	.LCFI11:
 539              		.cfi_def_cfa_offset 16
 540 0004 00AF     		add	r7, sp, #0
 541              	.LCFI12:
 542              		.cfi_def_cfa_register 7
 543              	.LBB5:
  71:Drivers/UI/ui_g_BOOM_3.c ****     for (int i = 0; i < OBJ_NUM; i++) {
 544              		.loc 1 71 14
 545 0006 0023     		movs	r3, #0
 546 0008 7B60     		str	r3, [r7, #4]
 547              		.loc 1 71 5
 548 000a 0FE0     		b	.L14
 549              	.L15:
  72:Drivers/UI/ui_g_BOOM_3.c ****         ui_g_BOOM_3.data[i].operate_tpyel = 3;
 550              		.loc 1 72 43
 551 000c 0F49     		ldr	r1, .L16
 552 000e 7A68     		ldr	r2, [r7, #4]
 553 0010 1346     		mov	r3, r2
 554 0012 1B01     		lsls	r3, r3, #4
 555 0014 9B1A     		subs	r3, r3, r2
 556 0016 0B44     		add	r3, r3, r1
 557 0018 03F10802 		add	r2, r3, #8
 558 001c 137A     		ldrb	r3, [r2, #8]
ARM GAS  C:\Users\fffff\AppData\Local\Temp\ccKOuU9c.s 			page 12


 559 001e 0321     		movs	r1, #3
 560 0020 61F30203 		bfi	r3, r1, #0, #3
 561 0024 1372     		strb	r3, [r2, #8]
  71:Drivers/UI/ui_g_BOOM_3.c ****     for (int i = 0; i < OBJ_NUM; i++) {
 562              		.loc 1 71 35 discriminator 3
 563 0026 7B68     		ldr	r3, [r7, #4]
 564 0028 0133     		adds	r3, r3, #1
 565 002a 7B60     		str	r3, [r7, #4]
 566              	.L14:
  71:Drivers/UI/ui_g_BOOM_3.c ****     for (int i = 0; i < OBJ_NUM; i++) {
 567              		.loc 1 71 23 discriminator 1
 568 002c 7B68     		ldr	r3, [r7, #4]
 569 002e 022B     		cmp	r3, #2
 570 0030 ECDD     		ble	.L15
 571              	.LBE5:
  73:Drivers/UI/ui_g_BOOM_3.c ****     }
  74:Drivers/UI/ui_g_BOOM_3.c **** 
  75:Drivers/UI/ui_g_BOOM_3.c ****     CAT(ui_proc_, CAT(FRAME_OBJ_NUM, _frame))(&ui_g_BOOM_3);
 572              		.loc 1 75 5
 573 0032 0648     		ldr	r0, .L16
 574 0034 FFF7FEFF 		bl	ui_proc_5_frame
  76:Drivers/UI/ui_g_BOOM_3.c ****     SEND_MESSAGE((uint8_t *) &ui_g_BOOM_3, sizeof(ui_g_BOOM_3));
 575              		.loc 1 76 5
 576 0038 6423     		movs	r3, #100
 577 003a 5A22     		movs	r2, #90
 578 003c 0349     		ldr	r1, .L16
 579 003e 0448     		ldr	r0, .L16+4
 580 0040 FFF7FEFF 		bl	HAL_UART_Transmit
  77:Drivers/UI/ui_g_BOOM_3.c **** }
 581              		.loc 1 77 1
 582 0044 00BF     		nop
 583 0046 0837     		adds	r7, r7, #8
 584              	.LCFI13:
 585              		.cfi_def_cfa_offset 8
 586 0048 BD46     		mov	sp, r7
 587              	.LCFI14:
 588              		.cfi_def_cfa_register 13
 589              		@ sp needed
 590 004a 80BD     		pop	{r7, pc}
 591              	.L17:
 592              		.align	2
 593              	.L16:
 594 004c 00000000 		.word	ui_g_BOOM_3
 595 0050 00000000 		.word	huart7
 596              		.cfi_endproc
 597              	.LFE149:
 599              		.text
 600              	.Letext0:
 601              		.file 2 "C:/msys64/mingw64/arm-none-eabi/include/machine/_default_types.h"
 602              		.file 3 "C:/msys64/mingw64/arm-none-eabi/include/sys/_stdint.h"
 603              		.file 4 "Drivers/CMSIS/Device/ST/STM32H7xx/Include/stm32h723xx.h"
 604              		.file 5 "Drivers/STM32H7xx_HAL_Driver/Inc/stm32h7xx_hal_def.h"
 605              		.file 6 "Drivers/STM32H7xx_HAL_Driver/Inc/stm32h7xx_hal_dma.h"
 606              		.file 7 "Drivers/STM32H7xx_HAL_Driver/Inc/stm32h7xx_hal_uart.h"
 607              		.file 8 "Drivers/UI/ui_types.h"
 608              		.file 9 "Core/Inc/usart.h"
 609              		.file 10 "Drivers/UI/ui_g_BOOM_3.h"
ARM GAS  C:\Users\fffff\AppData\Local\Temp\ccKOuU9c.s 			page 13


 610              		.file 11 "Drivers/UI/ui_interface.h"
ARM GAS  C:\Users\fffff\AppData\Local\Temp\ccKOuU9c.s 			page 14


DEFINED SYMBOLS
                            *ABS*:00000000 ui_g_BOOM_3.c
C:\Users\fffff\AppData\Local\Temp\ccKOuU9c.s:24     .bss.ui_g_BOOM_3:00000000 ui_g_BOOM_3
C:\Users\fffff\AppData\Local\Temp\ccKOuU9c.s:21     .bss.ui_g_BOOM_3:00000000 $d
C:\Users\fffff\AppData\Local\Temp\ccKOuU9c.s:31     .data.ui_g_BOOM_armRect:00000000 ui_g_BOOM_armRect
C:\Users\fffff\AppData\Local\Temp\ccKOuU9c.s:28     .data.ui_g_BOOM_armRect:00000000 $d
C:\Users\fffff\AppData\Local\Temp\ccKOuU9c.s:38     .data.ui_g_BOOM_leftRect:00000000 ui_g_BOOM_leftRect
C:\Users\fffff\AppData\Local\Temp\ccKOuU9c.s:35     .data.ui_g_BOOM_leftRect:00000000 $d
C:\Users\fffff\AppData\Local\Temp\ccKOuU9c.s:45     .data.ui_g_BOOM_rightRect:00000000 ui_g_BOOM_rightRect
C:\Users\fffff\AppData\Local\Temp\ccKOuU9c.s:42     .data.ui_g_BOOM_rightRect:00000000 $d
C:\Users\fffff\AppData\Local\Temp\ccKOuU9c.s:48     .text._ui_init_g_BOOM_3:00000000 $t
C:\Users\fffff\AppData\Local\Temp\ccKOuU9c.s:54     .text._ui_init_g_BOOM_3:00000000 _ui_init_g_BOOM_3
C:\Users\fffff\AppData\Local\Temp\ccKOuU9c.s:431    .text._ui_init_g_BOOM_3:000002b8 $d
C:\Users\fffff\AppData\Local\Temp\ccKOuU9c.s:440    .text._ui_update_g_BOOM_3:00000000 $t
C:\Users\fffff\AppData\Local\Temp\ccKOuU9c.s:446    .text._ui_update_g_BOOM_3:00000000 _ui_update_g_BOOM_3
C:\Users\fffff\AppData\Local\Temp\ccKOuU9c.s:514    .text._ui_update_g_BOOM_3:0000004c $d
C:\Users\fffff\AppData\Local\Temp\ccKOuU9c.s:520    .text._ui_remove_g_BOOM_3:00000000 $t
C:\Users\fffff\AppData\Local\Temp\ccKOuU9c.s:526    .text._ui_remove_g_BOOM_3:00000000 _ui_remove_g_BOOM_3
C:\Users\fffff\AppData\Local\Temp\ccKOuU9c.s:594    .text._ui_remove_g_BOOM_3:0000004c $d

UNDEFINED SYMBOLS
ui_proc_5_frame
HAL_UART_Transmit
huart7
